[2016-08-04 11:50:44.214] [INFO] console - config.log4js.level:TRACE
[2016-08-04 11:50:44.467] [INFO] redis - redis connect success
[2016-08-04 11:50:44.521] [DEBUG] WxService - access_token expire: 3584
[2016-08-04 11:50:44.525] [DEBUG] WxService - []
[2016-08-04 11:50:45.283] [INFO] console - config.log4js.level:TRACE
[2016-08-04 11:50:45.693] [INFO] console - Listening on 18340
[2016-08-04 11:50:45.704] [INFO] redis - redis connect success
[2016-08-04 11:50:45.276] [INFO] console - config.log4js.level:TRACE
[2016-08-04 11:50:45.734] [INFO] console - Listening on 18340
[2016-08-04 11:50:45.740] [INFO] redis - redis connect success
[2016-08-04 11:50:45.749] [DEBUG] WxService - access_token expire: 3583
[2016-08-04 11:50:45.754] [DEBUG] WxService - []
[2016-08-04 11:50:45.300] [INFO] console - config.log4js.level:TRACE
[2016-08-04 11:50:45.779] [INFO] console - Listening on 18340
[2016-08-04 11:50:45.784] [DEBUG] WxService - access_token expire: 3583
[2016-08-04 11:50:45.790] [INFO] redis - redis connect success
[2016-08-04 11:50:45.789] [DEBUG] WxService - []
[2016-08-04 11:50:45.367] [INFO] console - config.log4js.level:TRACE
[2016-08-04 11:50:45.804] [INFO] console - Listening on 18340
[2016-08-04 11:50:45.816] [INFO] redis - redis connect success
[2016-08-04 11:50:45.833] [DEBUG] WxService - access_token expire: 3583
[2016-08-04 11:50:45.833] [DEBUG] WxService - []
[2016-08-04 11:50:45.858] [DEBUG] WxService - access_token expire: 3583
[2016-08-04 11:50:45.861] [DEBUG] WxService - []
[2016-08-04 11:51:19.021] [INFO] ApiController - test order: clear_redis
[2016-08-04 11:51:19.046] [TRACE] ApiController - [ 'puid:0131468932184398150001',
  'puid:0131468919680312150001',
  'puid:0131469097949867150001',
  'puid:0131468902574794150001',
  'puid:0191467946442916650001',
  'puid:0131468313809122150001',
  'puid:0131467299871759150001',
  'puid:0131468914800308150001',
  'puid:0131465049307887150001',
  'puid:0131464771799575150001',
  'puid:0131465045045799150001',
  'puid:0131469122003945150001',
  'puid:0131469073843689150001',
  'puid:0131468894626653150001',
  'puid:0131469096887388150001',
  'puid:0131468863929623150001',
  'puid:0131468925219122150001',
  'puid:0131468932771989150001',
  'puid:0131467339934590150001',
  'puid:0131467340032523150001',
  'puid:0191464609286151650002',
  'static_wx_access_token',
  'puid:0191467946382942650002',
  'puid:0131465016981368150001',
  'puid:0131467204158947150001',
  'puid:0191467946442921650003',
  'puid:0131465056673398150001',
  'puid:0131465046385547150001',
  'puid:0191467946442914650001',
  'puid:0131465055583648150001',
  'puid:0131467128407034120001',
  'puid:0131467298771522150001',
  'puid:0131468403729350150001',
  'puid:0191467946382954650001',
  'puid:0191464609286160650004',
  'puid:0191464609286160650005',
  'puid:0131468406321710150001',
  'puid:0191467946622911650001',
  'puid:0131467339181671150001',
  'puid:0131465994145268150001',
  'puid:0131465043307591150001',
  'puid:0131467340898065150001',
  'puid:0131468415916496150001',
  'puid:0131468407126947150001',
  'puid:0131467343011410150001',
  'puid:0131465901417802150001',
  'puid:0191464609346150650001',
  'puid:0131467338810665150001',
  'puid:0191464611204450650001',
  'puid:0131468403427421150001',
  'puid:0131469122008980150001',
  'puid:0191467946442922650002',
  'puid:0131467339474353150001',
  'puid:0191464609286161650006',
  'puid:0131467298853274150001',
  'puid:0131467342533321150001',
  'puid:0131468932713253150001',
  'puid:0191467946382923650001',
  'puid:0131467856223218150001',
  'puid:0131468932636009150001',
  'puid:0131468314941603150001',
  'puid:0191464609226172650001',
  'puid:0131465051703030150001',
  'puid:0131468401446727150001',
  'puid:0191464609106223650001',
  'puid:0131465027802851150001',
  'puid:0131467126705213150001',
  'puid:0131467344221438150001',
  'puid:0131468404367606150001',
  'puid:0191467946562912650001',
  'puid:0131467338860926150001',
  'puid:0131468913124591150001',
  'puid:0131468925178560150001',
  'puid:0191467946382942650001',
  'puid:0191464609286159650004',
  'puid:0131465289197582150001',
  'puid:0131465034695498150001',
  'puid:0131468943731145150001',
  'puid:0191468303056451650001',
  'puid:0131467298739181150001',
  'puid:0131467339181751150001',
  'puid:0131465055956909150001',
  'puid:0131467204664240150001',
  'puid:0131448884525673150001',
  'puid:0131468919626780150001',
  'puid:0131466600085916150001',
  'puid:0191464609106251650001',
  'puid:0131467298698655150001',
  'puid:0131467339890301150001',
  'puid:0131468999426448150001',
  'puid:0131464940862356150001',
  'puid:0131468947642037150001',
  'puid:0131468314006119150001',
  'puid:0131467340113060150001',
  'puid:0191464609286153650003',
  'puid:0131467341198829150001',
  'puid:0131468687744717150001',
  'puid:0131468919760352150001',
  'puid:0131468912983651150001',
  'puid:0191464609346151650001',
  'puid:0191467946442918650001',
  'puid:0131465812192777150001',
  'puid:0131467339403111150001',
  'puid:0131468403649368150001',
  'puid_queue',
  'puid:0191467946382935650001',
  'puid:0191464609106241650001',
  'puid:0131467204280730150001',
  'puid:0131468403293068150001',
  'puid:0191468303056474650001',
  'puid:0131465046636223150001',
  'puid:0131468919929340150001',
  'puid:0131464867277764150001',
  'puid:0131468932581878150001',
  'puid:0131467204705277150001',
  'puid:0131467343149034150001',
  'puid:0131468913869844150001',
  'puid:0191467946382913650001',
  'puid:0131468404754570150001',
  'puid:0131464878016951150001',
  'puid:0131465288866037150001',
  'puid:0191464609226166650001',
  'puid:0131464947487576150001',
  'puid:0131467353815396150001' ]
[2016-08-04 11:51:45.700] [DEBUG] WxService - access_token expire: -2
[2016-08-04 11:51:45.739] [DEBUG] WxService - access_token expire: -2
[2016-08-04 11:51:44.460] [DEBUG] WxService - access_token expire: -2
[2016-08-04 11:51:45.789] [DEBUG] WxService - access_token expire: -2
[2016-08-04 11:51:45.814] [DEBUG] WxService - access_token expire: -2
[2016-08-04 11:51:58.028] [DEBUG] WxService - []
[2016-08-04 11:51:58.028] [DEBUG] WxService - []
[2016-08-04 11:51:58.031] [DEBUG] WxService - []
[2016-08-04 11:51:58.043] [DEBUG] WxService - []
[2016-08-04 11:51:58.047] [DEBUG] WxService - []
[2016-08-04 11:51:58.051] [DEBUG] redis - tryLock ok, resource:locks:static_wx_access_token
[2016-08-04 11:51:58.064] [WARN] redis - tryLock error, resource:locks:static_wx_access_token
[2016-08-04 11:51:58.065] [WARN] redis - tryLock error, resource:locks:static_wx_access_token
[2016-08-04 11:51:58.077] [WARN] redis - tryLock error, resource:locks:static_wx_access_token
[2016-08-04 11:51:58.082] [WARN] redis - tryLock error, resource:locks:static_wx_access_token
[2016-08-04 11:51:58.442] [DEBUG] WxService - Get access_token from wx ok.
[2016-08-04 11:51:58.446] [DEBUG] WxService - { access_token: 'PJShyvgRqDQxj-ldL9Al-EvJaj8W3ZA1GX_0hQwJHCZvVm2Nd_ocf25D80gvg5fb8G1XU1z1CmdxSnbmGVLXZFbuVIfs0zDT3g0MMS4gUTENQYdAAADGO',
  expires_in: 7200 }
[2016-08-04 11:51:58.494] [DEBUG] redis - unlock ok.
[2016-08-04 11:52:44.459] [DEBUG] WxService - access_token expire: 7154
[2016-08-04 11:52:44.470] [DEBUG] WxService - []
[2016-08-04 11:52:45.702] [DEBUG] WxService - access_token expire: 7153
[2016-08-04 11:52:45.708] [DEBUG] WxService - []
[2016-08-04 11:52:45.747] [DEBUG] WxService - access_token expire: 7153
[2016-08-04 11:52:45.750] [DEBUG] WxService - []
[2016-08-04 11:52:45.798] [DEBUG] WxService - access_token expire: 7153
[2016-08-04 11:52:45.802] [DEBUG] WxService - []
[2016-08-04 11:52:45.815] [DEBUG] WxService - access_token expire: 7153
[2016-08-04 11:52:45.817] [DEBUG] WxService - []
[2016-08-04 11:53:16.839] [INFO] ApiController - test order: clear_redis
[2016-08-04 11:53:16.888] [TRACE] ApiController - [ 'puid_queue', 'static_wx_access_token' ]
[2016-08-04 11:54:18.825] [INFO] console - config.log4js.level:TRACE
[2016-08-04 11:54:19.085] [INFO] redis - redis connect success
[2016-08-04 11:54:19.132] [DEBUG] WxService - access_token expire: 7168
[2016-08-04 11:54:19.136] [DEBUG] WxService - []
[2016-08-04 11:54:19.879] [INFO] console - config.log4js.level:TRACE
[2016-08-04 11:54:19.895] [INFO] console - config.log4js.level:TRACE
[2016-08-04 11:54:20.264] [INFO] console - Listening on 18340
[2016-08-04 11:54:20.276] [INFO] console - Listening on 18340
[2016-08-04 11:54:19.877] [INFO] console - config.log4js.level:TRACE
[2016-08-04 11:54:20.279] [INFO] redis - redis connect success
[2016-08-04 11:54:20.293] [INFO] redis - redis connect success
[2016-08-04 11:54:20.294] [INFO] console - Listening on 18340
[2016-08-04 11:54:20.307] [INFO] redis - redis connect success
[2016-08-04 11:54:20.351] [DEBUG] WxService - access_token expire: 7167
[2016-08-04 11:54:20.351] [DEBUG] WxService - access_token expire: 7167
[2016-08-04 11:54:20.356] [DEBUG] WxService - []
[2016-08-04 11:54:20.362] [DEBUG] WxService - []
[2016-08-04 11:54:20.367] [DEBUG] WxService - access_token expire: 7167
[2016-08-04 11:54:20.374] [DEBUG] WxService - []
[2016-08-04 11:54:19.999] [INFO] console - config.log4js.level:TRACE
[2016-08-04 11:54:20.395] [INFO] console - Listening on 18340
[2016-08-04 11:54:20.406] [INFO] redis - redis connect success
[2016-08-04 11:54:20.445] [DEBUG] WxService - access_token expire: 7167
[2016-08-04 11:54:20.448] [DEBUG] WxService - []
[2016-08-04 11:54:22.069] [INFO] ApiController - test order: clear_redis
[2016-08-04 11:54:22.088] [TRACE] ApiController - [ 'puid_queue', 'static_wx_access_token' ]
[2016-08-04 11:54:24.110] [INFO] console - worker 17704 died
[2016-08-04 11:54:24.117] [INFO] console - worker 11776 died
[2016-08-04 11:54:24.127] [INFO] console - worker 18508 died
[2016-08-04 14:42:31.236] [INFO] console - config.log4js.level:TRACE
[2016-08-04 14:42:31.483] [INFO] redis - redis connect success
[2016-08-04 14:42:31.528] [DEBUG] WxService - access_token expire: 3857
[2016-08-04 14:42:31.532] [DEBUG] WxService - []
[2016-08-04 14:42:32.338] [INFO] console - config.log4js.level:TRACE
[2016-08-04 14:42:32.320] [INFO] console - config.log4js.level:TRACE
[2016-08-04 14:42:32.682] [INFO] console - Listening on 18340
[2016-08-04 14:42:32.326] [INFO] console - config.log4js.level:TRACE
[2016-08-04 14:42:32.688] [INFO] console - Listening on 18340
[2016-08-04 14:42:32.690] [INFO] redis - redis connect success
[2016-08-04 14:42:32.698] [INFO] redis - redis connect success
[2016-08-04 14:42:32.690] [INFO] console - Listening on 18340
[2016-08-04 14:42:32.707] [INFO] redis - redis connect success
[2016-08-04 14:42:32.306] [INFO] console - config.log4js.level:TRACE
[2016-08-04 14:42:32.719] [INFO] console - Listening on 18340
[2016-08-04 14:42:32.728] [INFO] redis - redis connect success
[2016-08-04 14:42:32.731] [DEBUG] WxService - access_token expire: 3855
[2016-08-04 14:42:32.736] [DEBUG] WxService - access_token expire: 3855
[2016-08-04 14:42:32.736] [DEBUG] WxService - []
[2016-08-04 14:42:32.739] [DEBUG] WxService - access_token expire: 3855
[2016-08-04 14:42:32.746] [DEBUG] WxService - []
[2016-08-04 14:42:32.751] [DEBUG] WxService - []
[2016-08-04 14:42:32.761] [DEBUG] WxService - access_token expire: 3855
[2016-08-04 14:42:32.761] [DEBUG] WxService - []
[2016-08-04 14:42:39.230] [INFO] ApiController - test order: redis_keys
[2016-08-04 15:07:41.962] [INFO] console - config.log4js.level:TRACE
[2016-08-04 15:07:42.200] [INFO] redis - redis connect success
[2016-08-04 15:07:42.247] [DEBUG] WxService - access_token expire: -2
[2016-08-04 15:07:42.247] [DEBUG] WxService - []
[2016-08-04 15:07:42.263] [DEBUG] redis - tryLock ok, resource:locks:wechat_jssdk_server_access_token
[2016-08-04 15:07:42.569] [DEBUG] WxService - Get access_token from wx ok.
[2016-08-04 15:07:42.574] [DEBUG] WxService - { access_token: 'jDzDbqqmcAGYl_rVF5yJ5HV8hK7z6jmZXqSdGuPpcxpNegAj1I8SkDrYcj2JFdS4KaTWcbq9BNCf4C1mBU1C7BACFVqUNTVJkEfpimIUuDMUYRbABALPI',
  expires_in: 7200 }
[2016-08-04 15:07:42.610] [TRACE] redis - setAndExpire start, key: wechat_jssdk_server_access_token
[2016-08-04 15:07:42.639] [TRACE] redis - setAndExpire end, key: wechat_jssdk_server_access_token
[2016-08-04 15:07:42.645] [INFO] WxService - set wechat_jssdk_server_access_token success. access_token:jDzDbqqmcAGYl_rVF5yJ5HV8hK7z6jmZXqSdGuPpcxpNegAj1I8SkDrYcj2JFdS4KaTWcbq9BNCf4C1mBU1C7BACFVqUNTVJkEfpimIUuDMUYRbABALPI
[2016-08-04 15:07:42.797] [DEBUG] WxService - Get jsapi_ticket from wx ok.
[2016-08-04 15:07:42.802] [DEBUG] WxService - { errcode: 0,
  errmsg: 'ok',
  ticket: 'bxLdikRXVbTPdHSM05e5u_Y7GlXvFAhH6t7uJBmhp-p_A-n5xyVuY8WQDc_0o9b-Zy5W4vxa-fk2JyfJHmcflQ',
  expires_in: 7200 }
[2016-08-04 15:07:42.816] [TRACE] redis - setAndExpire start, key: wechat_jssdk_server_jsapi_ticket
[2016-08-04 15:07:42.842] [TRACE] redis - setAndExpire end, key: wechat_jssdk_server_jsapi_ticket
[2016-08-04 15:07:42.850] [DEBUG] redis - unlock ok.
[2016-08-04 15:07:42.855] [INFO] WxService - set wechat_jssdk_server_jsapi_ticket success. jsapi_ticket:bxLdikRXVbTPdHSM05e5u_Y7GlXvFAhH6t7uJBmhp-p_A-n5xyVuY8WQDc_0o9b-Zy5W4vxa-fk2JyfJHmcflQ
[2016-08-04 15:07:42.926] [INFO] console - config.log4js.level:TRACE
[2016-08-04 15:07:43.289] [INFO] console - Listening on 18340
[2016-08-04 15:07:43.299] [INFO] redis - redis connect success
[2016-08-04 15:07:42.949] [INFO] console - config.log4js.level:TRACE
[2016-08-04 15:07:43.313] [INFO] console - Listening on 18340
[2016-08-04 15:07:43.323] [INFO] redis - redis connect success
[2016-08-04 15:07:43.338] [DEBUG] WxService - access_token expire: 7199
[2016-08-04 15:07:43.343] [DEBUG] WxService - []
[2016-08-04 15:07:43.360] [DEBUG] WxService - access_token expire: 7199
[2016-08-04 15:07:43.366] [DEBUG] WxService - []
[2016-08-04 15:07:42.966] [INFO] console - config.log4js.level:TRACE
[2016-08-04 15:07:43.382] [INFO] console - Listening on 18340
[2016-08-04 15:07:43.392] [INFO] redis - redis connect success
[2016-08-04 15:07:43.008] [INFO] console - config.log4js.level:TRACE
[2016-08-04 15:07:43.403] [INFO] console - Listening on 18340
[2016-08-04 15:07:43.408] [INFO] redis - redis connect success
[2016-08-04 15:07:43.424] [DEBUG] WxService - access_token expire: 7199
[2016-08-04 15:07:43.424] [DEBUG] WxService - []
[2016-08-04 15:07:43.439] [DEBUG] WxService - access_token expire: 7199
[2016-08-04 15:07:43.455] [DEBUG] WxService - []
[2016-08-04 15:07:49.679] [INFO] ApiController - test order: redis_keys
[2016-08-04 16:13:00.267] [INFO] console - config.log4js.level:TRACE
[2016-08-04 16:13:00.536] [INFO] redis - redis connect success
[2016-08-04 16:13:00.607] [TRACE] WxService - [checkCacheAccessToken] access_token expire: 3282
[2016-08-04 16:13:00.627] [TRACE] WxService - []
[2016-08-04 16:13:01.247] [INFO] console - config.log4js.level:TRACE
[2016-08-04 16:13:01.256] [INFO] console - config.log4js.level:TRACE
[2016-08-04 16:13:01.645] [INFO] console - Listening on 18340
[2016-08-04 16:13:01.664] [INFO] redis - redis connect success
[2016-08-04 16:13:01.649] [INFO] console - Listening on 18340
[2016-08-04 16:13:01.322] [INFO] console - config.log4js.level:TRACE
[2016-08-04 16:13:01.685] [INFO] redis - redis connect success
[2016-08-04 16:13:01.691] [INFO] console - Listening on 18340
[2016-08-04 16:13:01.727] [INFO] redis - redis connect success
[2016-08-04 16:13:01.772] [TRACE] WxService - [checkCacheAccessToken] access_token expire: 3281
[2016-08-04 16:13:01.780] [TRACE] WxService - []
[2016-08-04 16:13:01.782] [TRACE] WxService - [checkCacheAccessToken] access_token expire: 3281
[2016-08-04 16:13:01.797] [TRACE] WxService - []
[2016-08-04 16:13:01.809] [TRACE] WxService - [checkCacheAccessToken] access_token expire: 3281
[2016-08-04 16:13:01.814] [TRACE] WxService - []
[2016-08-04 16:13:01.357] [INFO] console - config.log4js.level:TRACE
[2016-08-04 16:13:01.839] [INFO] console - Listening on 18340
[2016-08-04 16:13:01.853] [INFO] redis - redis connect success
[2016-08-04 16:13:01.908] [TRACE] WxService - [checkCacheAccessToken] access_token expire: 3281
[2016-08-04 16:13:01.908] [TRACE] WxService - []
[2016-08-04 17:06:06.936] [INFO] console - config.log4js.level:TRACE
[2016-08-04 17:06:07.184] [INFO] redis - redis connect success
[2016-08-04 17:06:07.230] [TRACE] WxService - [checkCacheAccessToken] access_token expire: 6836
[2016-08-04 17:06:07.237] [TRACE] WxService - []
[2016-08-04 17:06:07.933] [INFO] console - config.log4js.level:TRACE
[2016-08-04 17:06:07.970] [INFO] console - config.log4js.level:TRACE
[2016-08-04 17:06:08.329] [INFO] console - Listening on 18340
[2016-08-04 17:06:08.007] [INFO] console - config.log4js.level:TRACE
[2016-08-04 17:06:08.333] [INFO] console - Listening on 18340
[2016-08-04 17:06:08.351] [INFO] redis - redis connect success
[2016-08-04 17:06:08.355] [INFO] redis - redis connect success
[2016-08-04 17:06:08.354] [INFO] console - Listening on 18340
[2016-08-04 17:06:08.367] [INFO] redis - redis connect success
[2016-08-04 17:06:08.025] [INFO] console - config.log4js.level:TRACE
[2016-08-04 17:06:08.398] [TRACE] WxService - [checkCacheAccessToken] access_token expire: 6835
[2016-08-04 17:06:08.400] [TRACE] WxService - [checkCacheAccessToken] access_token expire: 6835
[2016-08-04 17:06:08.400] [INFO] console - Listening on 18340
[2016-08-04 17:06:08.407] [TRACE] WxService - []
[2016-08-04 17:06:08.411] [TRACE] WxService - [checkCacheAccessToken] access_token expire: 6835
[2016-08-04 17:06:08.411] [TRACE] WxService - []
[2016-08-04 17:06:08.415] [INFO] redis - redis connect success
[2016-08-04 17:06:08.427] [TRACE] WxService - []
[2016-08-04 17:06:08.478] [TRACE] WxService - [checkCacheAccessToken] access_token expire: 6835
[2016-08-04 17:06:08.482] [TRACE] WxService - []
[2016-08-04 17:06:12.622] [DEBUG] WxApi - TOKEN:chenjr
[2016-08-04 17:06:12.626] [DEBUG] WxApi - signature:undefined
[2016-08-04 17:06:12.631] [DEBUG] WxApi - timestamp:undefined
[2016-08-04 17:06:12.634] [DEBUG] WxApi - nonce:undefined
[2016-08-04 17:06:12.637] [DEBUG] WxApi - shaResult:f21b0273320f5194117e3bc372a875abeb8c24ff
[2016-08-04 17:06:12.642] [WARN] WxController - not weixin server!
[2016-08-04 17:06:48.369] [INFO] console - /wx/config?dest=http%3A%2F%2Fm.pp.cn&code=111&state=1-ReferenceError: ctx is not defined
    at Function.config (E:\GitHub\diamont1001\wechat-jssdk-server\app\services\WxService.js:35:18)
    at Object.config (E:\GitHub\diamont1001\wechat-jssdk-server\app\controllers\WxController.js:44:38)
    at next (native)
    at Object.dispatch (E:\GitHub\diamont1001\wechat-jssdk-server\node_modules\koa-router\lib\router.js:336:14)
    at next (native)
    at Object.dispatch (E:\GitHub\diamont1001\wechat-jssdk-server\node_modules\koa-router\lib\router.js:336:14)
    at next (native)
    at Object.serve (E:\GitHub\diamont1001\wechat-jssdk-server\node_modules\koa-static\index.js:43:14)
    at next (native)
    at Object.etag (E:\GitHub\diamont1001\wechat-jssdk-server\node_modules\koa-etag\index.js:26:12)
    at next (native)
    at Object.conditional (E:\GitHub\diamont1001\wechat-jssdk-server\node_modules\koa-conditional-get\index.js:16:12)
    at next (native)
    at Object.compress (E:\GitHub\diamont1001\wechat-jssdk-server\node_modules\koa-compress\index.js:42:12)
    at next (native)
    at onFulfilled (E:\GitHub\diamont1001\wechat-jssdk-server\node_modules\co\index.js:65:19)
[2016-08-04 17:07:07.160] [TRACE] WxService - [checkCacheAccessToken] access_token expire: 6776
[2016-08-04 17:07:07.166] [TRACE] WxService - []
[2016-08-04 17:07:08.316] [TRACE] WxService - [checkCacheAccessToken] access_token expire: 6775
[2016-08-04 17:07:08.322] [TRACE] WxService - []
[2016-08-04 17:07:08.329] [TRACE] WxService - [checkCacheAccessToken] access_token expire: 6775
[2016-08-04 17:07:08.337] [TRACE] WxService - []
[2016-08-04 17:07:08.357] [TRACE] WxService - [checkCacheAccessToken] access_token expire: 6775
[2016-08-04 17:07:08.361] [TRACE] WxService - []
[2016-08-04 17:07:08.409] [TRACE] WxService - [checkCacheAccessToken] access_token expire: 6775
[2016-08-04 17:07:08.413] [TRACE] WxService - []
[2016-08-04 17:08:07.229] [TRACE] WxService - [checkCacheAccessToken] access_token expire: 6716
[2016-08-04 17:08:07.235] [TRACE] WxService - []
[2016-08-04 17:08:08.328] [TRACE] WxService - [checkCacheAccessToken] access_token expire: 6715
[2016-08-04 17:08:08.337] [TRACE] WxService - [checkCacheAccessToken] access_token expire: 6715
[2016-08-04 17:08:08.345] [TRACE] WxService - []
[2016-08-04 17:08:08.364] [TRACE] WxService - []
[2016-08-04 17:08:08.364] [TRACE] WxService - [checkCacheAccessToken] access_token expire: 6715
[2016-08-04 17:08:08.379] [TRACE] WxService - []
[2016-08-04 17:08:08.495] [TRACE] WxService - [checkCacheAccessToken] access_token expire: 6715
[2016-08-04 17:08:08.502] [TRACE] WxService - []
[2016-08-04 17:08:16.744] [INFO] console - config.log4js.level:TRACE
[2016-08-04 17:08:17.009] [INFO] redis - redis connect success
[2016-08-04 17:08:17.064] [TRACE] WxService - [checkCacheAccessToken] access_token expire: 6707
[2016-08-04 17:08:17.193] [TRACE] WxService - []
[2016-08-04 17:08:17.945] [INFO] console - config.log4js.level:TRACE
[2016-08-04 17:08:17.970] [INFO] console - config.log4js.level:TRACE
[2016-08-04 17:08:18.396] [INFO] console - Listening on 18340
[2016-08-04 17:08:17.984] [INFO] console - config.log4js.level:TRACE
[2016-08-04 17:08:18.414] [INFO] console - Listening on 18340
[2016-08-04 17:08:18.417] [INFO] redis - redis connect success
[2016-08-04 17:08:18.429] [INFO] redis - redis connect success
[2016-08-04 17:08:18.021] [INFO] console - config.log4js.level:TRACE
[2016-08-04 17:08:18.423] [INFO] console - Listening on 18340
[2016-08-04 17:08:18.440] [INFO] redis - redis connect success
[2016-08-04 17:08:18.442] [INFO] console - Listening on 18340
[2016-08-04 17:08:18.468] [INFO] redis - redis connect success
[2016-08-04 17:08:18.469] [TRACE] WxService - [checkCacheAccessToken] access_token expire: 6705
[2016-08-04 17:08:18.480] [TRACE] WxService - []
[2016-08-04 17:08:18.488] [TRACE] WxService - [checkCacheAccessToken] access_token expire: 6705
[2016-08-04 17:08:18.488] [TRACE] WxService - [checkCacheAccessToken] access_token expire: 6705
[2016-08-04 17:08:18.498] [TRACE] WxService - []
[2016-08-04 17:08:18.501] [TRACE] WxService - []
[2016-08-04 17:08:18.517] [TRACE] WxService - [checkCacheAccessToken] access_token expire: 6705
[2016-08-04 17:08:18.521] [TRACE] WxService - []
[2016-08-04 17:08:25.250] [INFO] console - [Function: WxService]
[2016-08-04 17:08:25.255] [WARN] WxService - Parameter Error
[2016-08-04 17:08:25.265] [TRACE] WxController - outputStr: {"state":{"code":4000000,"msg":"Parameter Error"},"data":""}
[2016-08-04 17:09:04.549] [INFO] console - config.log4js.level:TRACE
[2016-08-04 17:09:04.798] [INFO] redis - redis connect success
[2016-08-04 17:09:04.839] [TRACE] WxService - [checkCacheAccessToken] access_token expire: 6659
[2016-08-04 17:09:04.844] [TRACE] WxService - []
[2016-08-04 17:09:05.680] [INFO] console - config.log4js.level:TRACE
[2016-08-04 17:09:06.084] [INFO] console - Listening on 18340
[2016-08-04 17:09:05.683] [INFO] console - config.log4js.level:TRACE
[2016-08-04 17:09:05.640] [INFO] console - config.log4js.level:TRACE
[2016-08-04 17:09:06.094] [INFO] redis - redis connect success
[2016-08-04 17:09:06.095] [INFO] console - Listening on 18340
[2016-08-04 17:09:06.099] [INFO] console - Listening on 18340
[2016-08-04 17:09:06.109] [INFO] redis - redis connect success
[2016-08-04 17:09:06.113] [INFO] redis - redis connect success
[2016-08-04 17:09:05.666] [INFO] console - config.log4js.level:TRACE
[2016-08-04 17:09:06.132] [INFO] console - Listening on 18340
[2016-08-04 17:09:06.137] [TRACE] WxService - [checkCacheAccessToken] access_token expire: 6657
[2016-08-04 17:09:06.143] [INFO] redis - redis connect success
[2016-08-04 17:09:06.146] [TRACE] WxService - []
[2016-08-04 17:09:06.153] [TRACE] WxService - [checkCacheAccessToken] access_token expire: 6657
[2016-08-04 17:09:06.154] [TRACE] WxService - [checkCacheAccessToken] access_token expire: 6657
[2016-08-04 17:09:06.154] [TRACE] WxService - []
[2016-08-04 17:09:06.179] [TRACE] WxService - [checkCacheAccessToken] access_token expire: 6657
[2016-08-04 17:09:06.179] [TRACE] WxService - []
[2016-08-04 17:09:06.193] [TRACE] WxService - []
[2016-08-04 17:09:08.058] [INFO] console - undefined
[2016-08-04 17:09:08.061] [WARN] WxService - Parameter Error
[2016-08-04 17:09:08.065] [TRACE] WxController - outputStr: {"state":{"code":4000000,"msg":"Parameter Error"},"data":""}
[2016-08-04 17:09:20.839] [INFO] console - config.log4js.level:TRACE
[2016-08-04 17:09:21.099] [INFO] redis - redis connect success
[2016-08-04 17:09:21.154] [TRACE] WxService - [checkCacheAccessToken] access_token expire: 6642
[2016-08-04 17:09:21.159] [TRACE] WxService - []
[2016-08-04 17:09:22.062] [INFO] console - config.log4js.level:TRACE
[2016-08-04 17:09:22.035] [INFO] console - config.log4js.level:TRACE
[2016-08-04 17:09:22.063] [INFO] console - config.log4js.level:TRACE
[2016-08-04 17:09:22.078] [INFO] console - config.log4js.level:TRACE
[2016-08-04 17:09:22.535] [INFO] console - Listening on 18340
[2016-08-04 17:09:22.537] [INFO] console - Listening on 18340
[2016-08-04 17:09:22.537] [INFO] console - Listening on 18340
[2016-08-04 17:09:22.542] [INFO] console - Listening on 18340
[2016-08-04 17:09:22.550] [INFO] redis - redis connect success
[2016-08-04 17:09:22.570] [INFO] redis - redis connect success
[2016-08-04 17:09:22.571] [INFO] redis - redis connect success
[2016-08-04 17:09:22.570] [INFO] redis - redis connect success
[2016-08-04 17:09:22.616] [TRACE] WxService - [checkCacheAccessToken] access_token expire: 6641
[2016-08-04 17:09:22.618] [TRACE] WxService - [checkCacheAccessToken] access_token expire: 6641
[2016-08-04 17:09:22.625] [TRACE] WxService - []
[2016-08-04 17:09:22.627] [TRACE] WxService - []
[2016-08-04 17:09:22.633] [TRACE] WxService - [checkCacheAccessToken] access_token expire: 6641
[2016-08-04 17:09:22.634] [TRACE] WxService - [checkCacheAccessToken] access_token expire: 6641
[2016-08-04 17:09:22.640] [TRACE] WxService - []
[2016-08-04 17:09:22.644] [TRACE] WxService - []
[2016-08-04 17:09:23.810] [INFO] console - undefined
[2016-08-04 17:09:23.816] [WARN] WxService - Parameter Error
[2016-08-04 17:09:23.823] [TRACE] WxController - outputStr: {"state":{"code":4000000,"msg":"Parameter Error"},"data":""}
[2016-08-04 17:10:21.080] [TRACE] WxService - [checkCacheAccessToken] access_token expire: 6582
[2016-08-04 17:10:21.084] [TRACE] WxService - []
[2016-08-04 17:10:22.458] [TRACE] WxService - [checkCacheAccessToken] access_token expire: 6581
[2016-08-04 17:10:22.462] [TRACE] WxService - []
[2016-08-04 17:10:22.467] [TRACE] WxService - [checkCacheAccessToken] access_token expire: 6581
[2016-08-04 17:10:22.471] [TRACE] WxService - []
[2016-08-04 17:10:22.505] [TRACE] WxService - [checkCacheAccessToken] access_token expire: 6581
[2016-08-04 17:10:22.509] [TRACE] WxService - []
[2016-08-04 17:10:22.506] [TRACE] WxService - [checkCacheAccessToken] access_token expire: 6581
[2016-08-04 17:10:22.514] [TRACE] WxService - []
[2016-08-04 17:11:21.078] [TRACE] WxService - [checkCacheAccessToken] access_token expire: 6523
[2016-08-04 17:11:21.081] [TRACE] WxService - []
[2016-08-04 17:11:22.468] [TRACE] WxService - [checkCacheAccessToken] access_token expire: 6521
[2016-08-04 17:11:22.469] [TRACE] WxService - [checkCacheAccessToken] access_token expire: 6521
[2016-08-04 17:11:22.479] [TRACE] WxService - []
[2016-08-04 17:11:22.479] [TRACE] WxService - []
[2016-08-04 17:11:22.527] [TRACE] WxService - [checkCacheAccessToken] access_token expire: 6521
[2016-08-04 17:11:22.528] [TRACE] WxService - [checkCacheAccessToken] access_token expire: 6521
[2016-08-04 17:11:22.541] [TRACE] WxService - []
[2016-08-04 17:11:22.546] [TRACE] WxService - []
[2016-08-04 17:12:21.067] [TRACE] WxService - [checkCacheAccessToken] access_token expire: 6463
[2016-08-04 17:12:21.073] [TRACE] WxService - []
[2016-08-04 17:12:22.465] [TRACE] WxService - [checkCacheAccessToken] access_token expire: 6461
[2016-08-04 17:12:22.465] [TRACE] WxService - [checkCacheAccessToken] access_token expire: 6461
[2016-08-04 17:12:22.470] [TRACE] WxService - []
[2016-08-04 17:12:22.472] [TRACE] WxService - []
[2016-08-04 17:12:22.531] [TRACE] WxService - [checkCacheAccessToken] access_token expire: 6461
[2016-08-04 17:12:22.531] [TRACE] WxService - [checkCacheAccessToken] access_token expire: 6461
[2016-08-04 17:12:22.536] [TRACE] WxService - []
[2016-08-04 17:12:22.538] [TRACE] WxService - []
[2016-08-04 17:13:21.062] [TRACE] WxService - [checkCacheAccessToken] access_token expire: 6403
[2016-08-04 17:13:21.067] [TRACE] WxService - []
[2016-08-04 17:13:22.465] [TRACE] WxService - [checkCacheAccessToken] access_token expire: 6401
[2016-08-04 17:13:22.466] [TRACE] WxService - [checkCacheAccessToken] access_token expire: 6401
[2016-08-04 17:13:22.471] [TRACE] WxService - []
[2016-08-04 17:13:22.474] [TRACE] WxService - []
[2016-08-04 17:13:22.513] [TRACE] WxService - [checkCacheAccessToken] access_token expire: 6401
[2016-08-04 17:13:22.513] [TRACE] WxService - [checkCacheAccessToken] access_token expire: 6401
[2016-08-04 17:13:22.523] [TRACE] WxService - []
[2016-08-04 17:13:22.520] [TRACE] WxService - []
[2016-08-04 17:14:21.075] [TRACE] WxService - [checkCacheAccessToken] access_token expire: 6343
[2016-08-04 17:14:21.097] [TRACE] WxService - []
[2016-08-04 17:14:22.467] [TRACE] WxService - [checkCacheAccessToken] access_token expire: 6341
[2016-08-04 17:14:22.467] [TRACE] WxService - [checkCacheAccessToken] access_token expire: 6341
[2016-08-04 17:14:22.473] [TRACE] WxService - []
[2016-08-04 17:14:22.475] [TRACE] WxService - []
[2016-08-04 17:14:22.516] [TRACE] WxService - [checkCacheAccessToken] access_token expire: 6341
[2016-08-04 17:14:22.516] [TRACE] WxService - [checkCacheAccessToken] access_token expire: 6341
[2016-08-04 17:14:22.520] [TRACE] WxService - []
[2016-08-04 17:14:22.527] [TRACE] WxService - []
[2016-08-04 17:15:21.075] [TRACE] WxService - [checkCacheAccessToken] access_token expire: 6283
[2016-08-04 17:15:21.093] [TRACE] WxService - []
[2016-08-04 17:15:22.473] [TRACE] WxService - [checkCacheAccessToken] access_token expire: 6281
[2016-08-04 17:15:22.473] [TRACE] WxService - [checkCacheAccessToken] access_token expire: 6281
[2016-08-04 17:15:22.479] [TRACE] WxService - []
[2016-08-04 17:15:22.480] [TRACE] WxService - []
[2016-08-04 17:15:22.518] [TRACE] WxService - [checkCacheAccessToken] access_token expire: 6281
[2016-08-04 17:15:22.519] [TRACE] WxService - [checkCacheAccessToken] access_token expire: 6281
[2016-08-04 17:15:22.523] [TRACE] WxService - []
[2016-08-04 17:15:22.528] [TRACE] WxService - []
[2016-08-04 17:16:21.080] [TRACE] WxService - [checkCacheAccessToken] access_token expire: 6223
[2016-08-04 17:16:21.088] [TRACE] WxService - []
[2016-08-04 17:16:22.485] [TRACE] WxService - [checkCacheAccessToken] access_token expire: 6221
[2016-08-04 17:16:22.485] [TRACE] WxService - [checkCacheAccessToken] access_token expire: 6221
[2016-08-04 17:16:22.490] [TRACE] WxService - []
[2016-08-04 17:16:22.492] [TRACE] WxService - []
[2016-08-04 17:16:22.516] [TRACE] WxService - [checkCacheAccessToken] access_token expire: 6221
[2016-08-04 17:16:22.517] [TRACE] WxService - [checkCacheAccessToken] access_token expire: 6221
[2016-08-04 17:16:22.530] [TRACE] WxService - []
[2016-08-04 17:16:22.527] [TRACE] WxService - []
[2016-08-04 17:16:45.298] [INFO] console - config.log4js.level:TRACE
[2016-08-04 17:16:45.670] [INFO] redis - redis connect success
[2016-08-04 17:16:45.705] [TRACE] WxService - [checkCacheAccessToken] access_token expire: 6198
[2016-08-04 17:16:45.730] [TRACE] WxService - []
[2016-08-04 17:16:46.510] [INFO] console - config.log4js.level:TRACE
[2016-08-04 17:16:46.936] [INFO] console - Listening on 18340
[2016-08-04 17:16:46.514] [INFO] console - config.log4js.level:TRACE
[2016-08-04 17:16:46.950] [INFO] redis - redis connect success
[2016-08-04 17:16:46.960] [INFO] console - Listening on 18340
[2016-08-04 17:16:46.576] [INFO] console - config.log4js.level:TRACE
[2016-08-04 17:16:46.969] [INFO] redis - redis connect success
[2016-08-04 17:16:46.975] [INFO] console - Listening on 18340
[2016-08-04 17:16:46.983] [INFO] redis - redis connect success
[2016-08-04 17:16:46.996] [TRACE] WxService - [checkCacheAccessToken] access_token expire: 6197
[2016-08-04 17:16:47.003] [TRACE] WxService - []
[2016-08-04 17:16:47.008] [TRACE] WxService - [checkCacheAccessToken] access_token expire: 6197
[2016-08-04 17:16:47.015] [TRACE] WxService - []
[2016-08-04 17:16:46.597] [INFO] console - config.log4js.level:TRACE
[2016-08-04 17:16:47.022] [INFO] console - Listening on 18340
[2016-08-04 17:16:47.025] [TRACE] WxService - [checkCacheAccessToken] access_token expire: 6197
[2016-08-04 17:16:47.031] [INFO] redis - redis connect success
[2016-08-04 17:16:47.032] [TRACE] WxService - []
[2016-08-04 17:16:47.066] [TRACE] WxService - [checkCacheAccessToken] access_token expire: 6197
[2016-08-04 17:16:47.070] [TRACE] WxService - []
[2016-08-04 17:16:53.421] [INFO] console - /wx/config?dest=http%3A%2F%2Fm.pp.cn&code=111&state=1-TypeError: Cannot read property 'query' of undefined
    at Function.config (E:\GitHub\diamont1001\wechat-jssdk-server\app\services\WxService.js:35:21)
    at Object.config (E:\GitHub\diamont1001\wechat-jssdk-server\app\controllers\WxController.js:44:38)
    at next (native)
    at Object.dispatch (E:\GitHub\diamont1001\wechat-jssdk-server\node_modules\koa-router\lib\router.js:336:14)
    at next (native)
    at Object.dispatch (E:\GitHub\diamont1001\wechat-jssdk-server\node_modules\koa-router\lib\router.js:336:14)
    at next (native)
    at Object.serve (E:\GitHub\diamont1001\wechat-jssdk-server\node_modules\koa-static\index.js:43:14)
    at next (native)
    at Object.etag (E:\GitHub\diamont1001\wechat-jssdk-server\node_modules\koa-etag\index.js:26:12)
    at next (native)
    at Object.conditional (E:\GitHub\diamont1001\wechat-jssdk-server\node_modules\koa-conditional-get\index.js:16:12)
    at next (native)
    at Object.compress (E:\GitHub\diamont1001\wechat-jssdk-server\node_modules\koa-compress\index.js:42:12)
    at next (native)
    at onFulfilled (E:\GitHub\diamont1001\wechat-jssdk-server\node_modules\co\index.js:65:19)
[2016-08-04 17:17:23.045] [INFO] console - config.log4js.level:TRACE
[2016-08-04 17:17:23.306] [INFO] redis - redis connect success
[2016-08-04 17:17:23.363] [TRACE] WxService - [checkCacheAccessToken] access_token expire: 6160
[2016-08-04 17:17:23.368] [TRACE] WxService - []
[2016-08-04 17:17:24.185] [INFO] console - config.log4js.level:TRACE
[2016-08-04 17:17:24.559] [INFO] console - Listening on 18340
[2016-08-04 17:17:24.571] [INFO] redis - redis connect success
[2016-08-04 17:17:24.200] [INFO] console - config.log4js.level:TRACE
[2016-08-04 17:17:24.586] [INFO] console - Listening on 18340
[2016-08-04 17:17:24.214] [INFO] console - config.log4js.level:TRACE
[2016-08-04 17:17:24.597] [INFO] console - Listening on 18340
[2016-08-04 17:17:24.602] [INFO] redis - redis connect success
[2016-08-04 17:17:24.608] [INFO] redis - redis connect success
[2016-08-04 17:17:24.618] [TRACE] WxService - [checkCacheAccessToken] access_token expire: 6159
[2016-08-04 17:17:24.626] [TRACE] WxService - []
[2016-08-04 17:17:24.649] [TRACE] WxService - [checkCacheAccessToken] access_token expire: 6159
[2016-08-04 17:17:24.658] [TRACE] WxService - []
[2016-08-04 17:17:24.662] [TRACE] WxService - [checkCacheAccessToken] access_token expire: 6159
[2016-08-04 17:17:24.669] [TRACE] WxService - []
[2016-08-04 17:17:24.272] [INFO] console - config.log4js.level:TRACE
[2016-08-04 17:17:24.689] [INFO] console - Listening on 18340
[2016-08-04 17:17:24.704] [INFO] redis - redis connect success
[2016-08-04 17:17:24.750] [TRACE] WxService - [checkCacheAccessToken] access_token expire: 6159
[2016-08-04 17:17:24.754] [TRACE] WxService - []
[2016-08-04 17:17:25.763] [INFO] console - { dest: 'http://m.pp.cn', code: '111', state: '1' }
[2016-08-04 17:17:25.784] [WARN] WxService - Parameter Error
[2016-08-04 17:17:25.787] [TRACE] WxController - outputStr: {"state":{"code":4000000,"msg":"Parameter Error"},"data":""}
[2016-08-04 17:19:47.410] [INFO] console - config.log4js.level:TRACE
[2016-08-04 17:19:47.673] [INFO] redis - redis connect success
[2016-08-04 17:19:47.840] [TRACE] WxService - [checkCacheAccessToken] access_token expire: 6016
[2016-08-04 17:19:47.845] [TRACE] WxService - []
[2016-08-04 17:19:48.463] [INFO] console - config.log4js.level:TRACE
[2016-08-04 17:19:48.801] [INFO] console - Listening on 18340
[2016-08-04 17:19:48.818] [INFO] redis - redis connect success
[2016-08-04 17:19:48.857] [TRACE] WxService - [checkCacheAccessToken] access_token expire: 6015
[2016-08-04 17:19:48.862] [TRACE] WxService - []
[2016-08-04 17:19:48.464] [INFO] console - config.log4js.level:TRACE
[2016-08-04 17:19:48.481] [INFO] console - config.log4js.level:TRACE
[2016-08-04 17:19:48.503] [INFO] console - config.log4js.level:TRACE
[2016-08-04 17:19:48.901] [INFO] console - Listening on 18340
[2016-08-04 17:19:48.903] [INFO] console - Listening on 18340
[2016-08-04 17:19:48.904] [INFO] console - Listening on 18340
[2016-08-04 17:19:48.976] [INFO] redis - redis connect success
[2016-08-04 17:19:48.976] [INFO] redis - redis connect success
[2016-08-04 17:19:48.976] [INFO] redis - redis connect success
[2016-08-04 17:19:49.022] [TRACE] WxService - [checkCacheAccessToken] access_token expire: 6015
[2016-08-04 17:19:49.023] [TRACE] WxService - [checkCacheAccessToken] access_token expire: 6015
[2016-08-04 17:19:49.026] [TRACE] WxService - [checkCacheAccessToken] access_token expire: 6015
[2016-08-04 17:19:49.032] [TRACE] WxService - []
[2016-08-04 17:19:49.031] [TRACE] WxService - []
[2016-08-04 17:19:49.028] [TRACE] WxService - []
[2016-08-04 17:20:17.338] [INFO] console - config.log4js.level:TRACE
[2016-08-04 17:20:17.580] [INFO] redis - redis connect success
[2016-08-04 17:20:17.621] [TRACE] WxService - [checkCacheAccessToken] access_token expire: 5986
[2016-08-04 17:20:17.627] [TRACE] WxService - []
[2016-08-04 17:20:18.293] [INFO] console - config.log4js.level:TRACE
[2016-08-04 17:20:18.662] [INFO] console - Listening on 18340
[2016-08-04 17:20:18.669] [INFO] redis - redis connect success
[2016-08-04 17:20:18.317] [INFO] console - config.log4js.level:TRACE
[2016-08-04 17:20:18.304] [INFO] console - config.log4js.level:TRACE
[2016-08-04 17:20:18.694] [INFO] console - Listening on 18340
[2016-08-04 17:20:18.694] [INFO] console - Listening on 18340
[2016-08-04 17:20:18.703] [INFO] redis - redis connect success
[2016-08-04 17:20:18.706] [TRACE] WxService - [checkCacheAccessToken] access_token expire: 5985
[2016-08-04 17:20:18.704] [INFO] redis - redis connect success
[2016-08-04 17:20:18.717] [TRACE] WxService - []
[2016-08-04 17:20:18.752] [TRACE] WxService - [checkCacheAccessToken] access_token expire: 5985
[2016-08-04 17:20:18.752] [TRACE] WxService - [checkCacheAccessToken] access_token expire: 5985
[2016-08-04 17:20:18.757] [TRACE] WxService - []
[2016-08-04 17:20:18.761] [TRACE] WxService - []
[2016-08-04 17:20:18.401] [INFO] console - config.log4js.level:TRACE
[2016-08-04 17:20:18.802] [INFO] console - Listening on 18340
[2016-08-04 17:20:18.817] [INFO] redis - redis connect success
[2016-08-04 17:20:18.854] [TRACE] WxService - [checkCacheAccessToken] access_token expire: 5985
[2016-08-04 17:20:18.859] [TRACE] WxService - []
[2016-08-04 17:28:31.905] [INFO] console - config.log4js.level:TRACE
[2016-08-04 17:28:32.187] [INFO] redis - redis connect success
[2016-08-04 17:28:32.236] [TRACE] WxService - [checkCacheAccessToken] access_token expire: 5491
[2016-08-04 17:28:32.260] [TRACE] WxService - []
[2016-08-04 17:28:33.114] [INFO] console - config.log4js.level:TRACE
[2016-08-04 17:28:33.465] [INFO] console - Listening on 18340
[2016-08-04 17:28:33.115] [INFO] console - config.log4js.level:TRACE
[2016-08-04 17:28:33.491] [INFO] redis - redis connect success
[2016-08-04 17:28:33.114] [INFO] console - config.log4js.level:TRACE
[2016-08-04 17:28:33.491] [INFO] console - Listening on 18340
[2016-08-04 17:28:33.499] [INFO] console - Listening on 18340
[2016-08-04 17:28:33.514] [INFO] redis - redis connect success
[2016-08-04 17:28:33.523] [INFO] redis - redis connect success
[2016-08-04 17:28:33.568] [TRACE] WxService - [checkCacheAccessToken] access_token expire: 5490
[2016-08-04 17:28:33.575] [TRACE] WxService - []
[2016-08-04 17:28:33.203] [INFO] console - config.log4js.level:TRACE
[2016-08-04 17:28:33.592] [INFO] console - Listening on 18340
[2016-08-04 17:28:33.594] [TRACE] WxService - [checkCacheAccessToken] access_token expire: 5490
[2016-08-04 17:28:33.598] [TRACE] WxService - []
[2016-08-04 17:28:33.614] [TRACE] WxService - [checkCacheAccessToken] access_token expire: 5490
[2016-08-04 17:28:33.618] [TRACE] WxService - []
[2016-08-04 17:28:33.632] [INFO] redis - redis connect success
[2016-08-04 17:28:33.688] [TRACE] WxService - [checkCacheAccessToken] access_token expire: 5490
[2016-08-04 17:28:33.692] [TRACE] WxService - []
[2016-08-04 17:28:40.925] [INFO] console - /wx/config?dest=http%3A%2F%2Fm.pp.cn&code=111&state=1-TypeError: Cannot read property 'set' of undefined
    at Function.config (E:\GitHub\diamont1001\wechat-jssdk-server\app\services\WxService.js:35:18)
    at Object.config (E:\GitHub\diamont1001\wechat-jssdk-server\app\controllers\WxController.js:44:38)
    at next (native)
    at Object.dispatch (E:\GitHub\diamont1001\wechat-jssdk-server\node_modules\koa-router\lib\router.js:336:14)
    at next (native)
    at Object.dispatch (E:\GitHub\diamont1001\wechat-jssdk-server\node_modules\koa-router\lib\router.js:336:14)
    at next (native)
    at Object.serve (E:\GitHub\diamont1001\wechat-jssdk-server\node_modules\koa-static\index.js:43:14)
    at next (native)
    at Object.etag (E:\GitHub\diamont1001\wechat-jssdk-server\node_modules\koa-etag\index.js:26:12)
    at next (native)
    at Object.conditional (E:\GitHub\diamont1001\wechat-jssdk-server\node_modules\koa-conditional-get\index.js:16:12)
    at next (native)
    at Object.compress (E:\GitHub\diamont1001\wechat-jssdk-server\node_modules\koa-compress\index.js:42:12)
    at next (native)
    at onFulfilled (E:\GitHub\diamont1001\wechat-jssdk-server\node_modules\co\index.js:65:19)
[2016-08-04 17:29:32.149] [TRACE] WxService - [checkCacheAccessToken] access_token expire: 5431
[2016-08-04 17:29:32.149] [TRACE] WxService - []
[2016-08-04 17:29:33.508] [TRACE] WxService - [checkCacheAccessToken] access_token expire: 5430
[2016-08-04 17:29:33.521] [TRACE] WxService - []
[2016-08-04 17:29:33.526] [TRACE] WxService - [checkCacheAccessToken] access_token expire: 5430
[2016-08-04 17:29:33.534] [TRACE] WxService - [checkCacheAccessToken] access_token expire: 5430
[2016-08-04 17:29:33.533] [TRACE] WxService - []
[2016-08-04 17:29:33.555] [TRACE] WxService - []
[2016-08-04 17:29:33.616] [TRACE] WxService - [checkCacheAccessToken] access_token expire: 5430
[2016-08-04 17:29:33.632] [TRACE] WxService - []
[2016-08-04 17:30:32.156] [TRACE] WxService - [checkCacheAccessToken] access_token expire: 5371
[2016-08-04 17:30:32.165] [TRACE] WxService - []
[2016-08-04 17:30:33.490] [TRACE] WxService - [checkCacheAccessToken] access_token expire: 5370
[2016-08-04 17:30:33.493] [TRACE] WxService - []
[2016-08-04 17:30:33.516] [TRACE] WxService - [checkCacheAccessToken] access_token expire: 5370
[2016-08-04 17:30:33.520] [TRACE] WxService - []
[2016-08-04 17:30:33.543] [TRACE] WxService - [checkCacheAccessToken] access_token expire: 5370
[2016-08-04 17:30:33.547] [TRACE] WxService - []
[2016-08-04 17:30:33.722] [TRACE] WxService - [checkCacheAccessToken] access_token expire: 5370
[2016-08-04 17:30:33.734] [TRACE] WxService - []
[2016-08-04 17:31:32.166] [TRACE] WxService - [checkCacheAccessToken] access_token expire: 5311
[2016-08-04 17:31:32.171] [TRACE] WxService - []
[2016-08-04 17:31:33.479] [TRACE] WxService - [checkCacheAccessToken] access_token expire: 5310
[2016-08-04 17:31:33.485] [TRACE] WxService - []
[2016-08-04 17:31:33.496] [TRACE] WxService - [checkCacheAccessToken] access_token expire: 5310
[2016-08-04 17:31:33.500] [TRACE] WxService - []
[2016-08-04 17:31:33.517] [TRACE] WxService - [checkCacheAccessToken] access_token expire: 5310
[2016-08-04 17:31:33.522] [TRACE] WxService - []
[2016-08-04 17:31:33.605] [TRACE] WxService - [checkCacheAccessToken] access_token expire: 5310
[2016-08-04 17:31:33.614] [TRACE] WxService - []
[2016-08-04 17:32:02.743] [INFO] console - config.log4js.level:TRACE
[2016-08-04 17:32:03.084] [INFO] redis - redis connect success
[2016-08-04 17:32:03.131] [TRACE] WxService - [checkCacheAccessToken] access_token expire: 5280
[2016-08-04 17:32:03.200] [TRACE] WxService - []
[2016-08-04 17:32:03.822] [INFO] console - config.log4js.level:TRACE
[2016-08-04 17:32:03.836] [INFO] console - config.log4js.level:TRACE
[2016-08-04 17:32:04.177] [INFO] console - Listening on 18340
[2016-08-04 17:32:04.182] [INFO] console - Listening on 18340
[2016-08-04 17:32:04.268] [INFO] redis - redis connect success
[2016-08-04 17:32:04.268] [INFO] redis - redis connect success
[2016-08-04 17:32:03.867] [INFO] console - config.log4js.level:TRACE
[2016-08-04 17:32:03.884] [INFO] console - config.log4js.level:TRACE
[2016-08-04 17:32:04.283] [INFO] console - Listening on 18340
[2016-08-04 17:32:04.288] [INFO] console - Listening on 18340
[2016-08-04 17:32:04.292] [INFO] redis - redis connect success
[2016-08-04 17:32:04.299] [INFO] redis - redis connect success
[2016-08-04 17:32:04.311] [TRACE] WxService - [checkCacheAccessToken] access_token expire: 5279
[2016-08-04 17:32:04.317] [TRACE] WxService - [checkCacheAccessToken] access_token expire: 5279
[2016-08-04 17:32:04.317] [TRACE] WxService - []
[2016-08-04 17:32:04.325] [TRACE] WxService - []
[2016-08-04 17:32:04.335] [TRACE] WxService - [checkCacheAccessToken] access_token expire: 5279
[2016-08-04 17:32:04.340] [TRACE] WxService - []
[2016-08-04 17:32:04.343] [TRACE] WxService - [checkCacheAccessToken] access_token expire: 5279
[2016-08-04 17:32:04.348] [TRACE] WxService - []
[2016-08-04 17:32:08.138] [INFO] console - /wx/config?dest=http%3A%2F%2Fm.pp.cn&code=111&state=1-TypeError: Cannot read property 'cookies' of undefined
    at Function.config (E:\GitHub\diamont1001\wechat-jssdk-server\app\services\WxService.js:35:14)
    at Object.config (E:\GitHub\diamont1001\wechat-jssdk-server\app\controllers\WxController.js:44:38)
    at next (native)
    at Object.dispatch (E:\GitHub\diamont1001\wechat-jssdk-server\node_modules\koa-router\lib\router.js:336:14)
    at next (native)
    at Object.dispatch (E:\GitHub\diamont1001\wechat-jssdk-server\node_modules\koa-router\lib\router.js:336:14)
    at next (native)
    at Object.serve (E:\GitHub\diamont1001\wechat-jssdk-server\node_modules\koa-static\index.js:43:14)
    at next (native)
    at Object.etag (E:\GitHub\diamont1001\wechat-jssdk-server\node_modules\koa-etag\index.js:26:12)
    at next (native)
    at Object.conditional (E:\GitHub\diamont1001\wechat-jssdk-server\node_modules\koa-conditional-get\index.js:16:12)
    at next (native)
    at Object.compress (E:\GitHub\diamont1001\wechat-jssdk-server\node_modules\koa-compress\index.js:42:12)
    at next (native)
    at onFulfilled (E:\GitHub\diamont1001\wechat-jssdk-server\node_modules\co\index.js:65:19)
[2016-08-04 17:33:02.989] [TRACE] WxService - [checkCacheAccessToken] access_token expire: 5221
[2016-08-04 17:33:03.013] [TRACE] WxService - []
[2016-08-04 17:33:04.194] [TRACE] WxService - [checkCacheAccessToken] access_token expire: 5219
[2016-08-04 17:33:04.239] [TRACE] WxService - [checkCacheAccessToken] access_token expire: 5219
[2016-08-04 17:33:04.239] [TRACE] WxService - [checkCacheAccessToken] access_token expire: 5219
[2016-08-04 17:33:04.239] [TRACE] WxService - []
[2016-08-04 17:33:04.257] [TRACE] WxService - [checkCacheAccessToken] access_token expire: 5219
[2016-08-04 17:33:04.268] [TRACE] WxService - []
[2016-08-04 17:33:04.273] [TRACE] WxService - []
[2016-08-04 17:33:04.281] [TRACE] WxService - []
[2016-08-04 17:34:02.983] [TRACE] WxService - [checkCacheAccessToken] access_token expire: 5161
[2016-08-04 17:34:02.998] [TRACE] WxService - []
[2016-08-04 17:34:04.183] [TRACE] WxService - [checkCacheAccessToken] access_token expire: 5159
[2016-08-04 17:34:04.182] [TRACE] WxService - [checkCacheAccessToken] access_token expire: 5159
[2016-08-04 17:34:04.206] [TRACE] WxService - []
[2016-08-04 17:34:04.210] [TRACE] WxService - []
[2016-08-04 17:34:04.264] [TRACE] WxService - [checkCacheAccessToken] access_token expire: 5159
[2016-08-04 17:34:04.265] [TRACE] WxService - [checkCacheAccessToken] access_token expire: 5159
[2016-08-04 17:34:04.273] [TRACE] WxService - []
[2016-08-04 17:34:04.285] [TRACE] WxService - []
[2016-08-04 17:35:02.990] [TRACE] WxService - [checkCacheAccessToken] access_token expire: 5101
[2016-08-04 17:35:03.009] [TRACE] WxService - []
[2016-08-04 17:35:04.194] [TRACE] WxService - [checkCacheAccessToken] access_token expire: 5099
[2016-08-04 17:35:04.194] [TRACE] WxService - [checkCacheAccessToken] access_token expire: 5099
[2016-08-04 17:35:04.194] [TRACE] WxService - []
[2016-08-04 17:35:04.221] [TRACE] WxService - []
[2016-08-04 17:35:04.273] [TRACE] WxService - [checkCacheAccessToken] access_token expire: 5099
[2016-08-04 17:35:04.273] [TRACE] WxService - [checkCacheAccessToken] access_token expire: 5099
[2016-08-04 17:35:04.285] [TRACE] WxService - []
[2016-08-04 17:35:04.289] [TRACE] WxService - []
[2016-08-04 17:35:52.335] [INFO] console - config.log4js.level:TRACE
[2016-08-04 17:35:52.593] [INFO] redis - redis connect success
[2016-08-04 17:35:52.621] [TRACE] WxService - [checkCacheAccessToken] access_token expire: 5051
[2016-08-04 17:35:52.641] [TRACE] WxService - []
[2016-08-04 17:35:53.335] [INFO] console - config.log4js.level:TRACE
[2016-08-04 17:35:53.742] [INFO] console - Listening on 18340
[2016-08-04 17:35:53.751] [INFO] redis - redis connect success
[2016-08-04 17:35:53.446] [INFO] console - config.log4js.level:TRACE
[2016-08-04 17:35:53.797] [TRACE] WxService - [checkCacheAccessToken] access_token expire: 5050
[2016-08-04 17:35:53.459] [INFO] console - config.log4js.level:TRACE
[2016-08-04 17:35:53.473] [INFO] console - config.log4js.level:TRACE
[2016-08-04 17:35:53.806] [TRACE] WxService - []
[2016-08-04 17:35:53.806] [INFO] console - Listening on 18340
[2016-08-04 17:35:53.812] [INFO] console - Listening on 18340
[2016-08-04 17:35:53.812] [INFO] console - Listening on 18340
[2016-08-04 17:35:53.816] [INFO] redis - redis connect success
[2016-08-04 17:35:53.825] [INFO] redis - redis connect success
[2016-08-04 17:35:53.826] [INFO] redis - redis connect success
[2016-08-04 17:35:53.853] [TRACE] WxService - [checkCacheAccessToken] access_token expire: 5050
[2016-08-04 17:35:53.861] [TRACE] WxService - [checkCacheAccessToken] access_token expire: 5050
[2016-08-04 17:35:53.863] [TRACE] WxService - []
[2016-08-04 17:35:53.866] [TRACE] WxService - [checkCacheAccessToken] access_token expire: 5050
[2016-08-04 17:35:53.868] [TRACE] WxService - []
[2016-08-04 17:35:53.873] [TRACE] WxService - []
[2016-08-04 17:35:54.862] [INFO] console - undefined
[2016-08-04 17:35:54.867] [WARN] WxService - Parameter Error
[2016-08-04 17:35:54.872] [TRACE] WxController - outputStr: {"state":{"code":4000000,"msg":"Parameter Error"},"data":""}
[2016-08-04 17:36:05.860] [INFO] console - config.log4js.level:TRACE
[2016-08-04 17:36:06.194] [INFO] redis - redis connect success
[2016-08-04 17:36:06.326] [TRACE] WxService - [checkCacheAccessToken] access_token expire: 5037
[2016-08-04 17:36:06.332] [TRACE] WxService - []
[2016-08-04 17:36:07.047] [INFO] console - config.log4js.level:TRACE
[2016-08-04 17:36:07.037] [INFO] console - config.log4js.level:TRACE
[2016-08-04 17:36:07.046] [INFO] console - config.log4js.level:TRACE
[2016-08-04 17:36:07.465] [INFO] console - Listening on 18340
[2016-08-04 17:36:07.103] [INFO] console - config.log4js.level:TRACE
[2016-08-04 17:36:07.470] [INFO] console - Listening on 18340
[2016-08-04 17:36:07.473] [INFO] console - Listening on 18340
[2016-08-04 17:36:07.486] [INFO] redis - redis connect success
[2016-08-04 17:36:07.493] [INFO] console - Listening on 18340
[2016-08-04 17:36:07.496] [INFO] redis - redis connect success
[2016-08-04 17:36:07.497] [INFO] redis - redis connect success
[2016-08-04 17:36:07.509] [INFO] redis - redis connect success
[2016-08-04 17:36:07.539] [TRACE] WxService - [checkCacheAccessToken] access_token expire: 5036
[2016-08-04 17:36:07.545] [TRACE] WxService - []
[2016-08-04 17:36:07.549] [TRACE] WxService - [checkCacheAccessToken] access_token expire: 5036
[2016-08-04 17:36:07.550] [TRACE] WxService - [checkCacheAccessToken] access_token expire: 5036
[2016-08-04 17:36:07.555] [TRACE] WxService - [checkCacheAccessToken] access_token expire: 5036
[2016-08-04 17:36:07.556] [TRACE] WxService - []
[2016-08-04 17:36:07.558] [TRACE] WxService - []
[2016-08-04 17:36:07.564] [TRACE] WxService - []
[2016-08-04 17:36:08.395] [INFO] console - /wx/config?dest=http%3A%2F%2Fm.pp.cn&code=111&state=1-TypeError: Class constructors cannot be invoked without 'new'
    at WxService (E:\GitHub\diamont1001\wechat-jssdk-server\app\services\WxService.js:18:1)
    at Function.config (E:\GitHub\diamont1001\wechat-jssdk-server\app\services\WxService.js:35:22)
    at Object.config (E:\GitHub\diamont1001\wechat-jssdk-server\app\controllers\WxController.js:44:38)
    at next (native)
    at Object.dispatch (E:\GitHub\diamont1001\wechat-jssdk-server\node_modules\koa-router\lib\router.js:336:14)
    at next (native)
    at Object.dispatch (E:\GitHub\diamont1001\wechat-jssdk-server\node_modules\koa-router\lib\router.js:336:14)
    at next (native)
    at Object.serve (E:\GitHub\diamont1001\wechat-jssdk-server\node_modules\koa-static\index.js:43:14)
    at next (native)
    at Object.etag (E:\GitHub\diamont1001\wechat-jssdk-server\node_modules\koa-etag\index.js:26:12)
    at next (native)
    at Object.conditional (E:\GitHub\diamont1001\wechat-jssdk-server\node_modules\koa-conditional-get\index.js:16:12)
    at next (native)
    at Object.compress (E:\GitHub\diamont1001\wechat-jssdk-server\node_modules\koa-compress\index.js:42:12)
    at next (native)
[2016-08-04 17:36:29.368] [INFO] console - config.log4js.level:TRACE
[2016-08-04 17:36:29.693] [INFO] redis - redis connect success
[2016-08-04 17:36:29.744] [TRACE] WxService - [checkCacheAccessToken] access_token expire: 5014
[2016-08-04 17:36:29.750] [TRACE] WxService - []
[2016-08-04 17:36:30.469] [INFO] console - config.log4js.level:TRACE
[2016-08-04 17:36:30.470] [INFO] console - config.log4js.level:TRACE
[2016-08-04 17:36:30.887] [INFO] console - Listening on 18340
[2016-08-04 17:36:30.896] [INFO] redis - redis connect success
[2016-08-04 17:36:30.888] [INFO] console - Listening on 18340
[2016-08-04 17:36:30.911] [INFO] redis - redis connect success
[2016-08-04 17:36:30.935] [TRACE] WxService - [checkCacheAccessToken] access_token expire: 5013
[2016-08-04 17:36:30.941] [TRACE] WxService - []
[2016-08-04 17:36:30.467] [INFO] console - config.log4js.level:TRACE
[2016-08-04 17:36:30.950] [TRACE] WxService - [checkCacheAccessToken] access_token expire: 5013
[2016-08-04 17:36:30.957] [TRACE] WxService - []
[2016-08-04 17:36:30.961] [INFO] console - Listening on 18340
[2016-08-04 17:36:30.969] [INFO] redis - redis connect success
[2016-08-04 17:36:30.587] [INFO] console - config.log4js.level:TRACE
[2016-08-04 17:36:31.001] [INFO] console - Listening on 18340
[2016-08-04 17:36:31.005] [TRACE] WxService - [checkCacheAccessToken] access_token expire: 5013
[2016-08-04 17:36:31.008] [TRACE] WxService - []
[2016-08-04 17:36:31.011] [INFO] redis - redis connect success
[2016-08-04 17:36:31.047] [TRACE] WxService - [checkCacheAccessToken] access_token expire: 5013
[2016-08-04 17:36:31.051] [TRACE] WxService - []
[2016-08-04 17:36:31.620] [INFO] console - /wx/config?dest=http%3A%2F%2Fm.pp.cn&code=111&state=1-TypeError: Class constructors cannot be invoked without 'new'
    at WxService (E:\GitHub\diamont1001\wechat-jssdk-server\app\services\WxService.js:18:1)
    at Function.config (E:\GitHub\diamont1001\wechat-jssdk-server\app\services\WxService.js:35:22)
    at Object.config (E:\GitHub\diamont1001\wechat-jssdk-server\app\controllers\WxController.js:44:38)
    at next (native)
    at Object.dispatch (E:\GitHub\diamont1001\wechat-jssdk-server\node_modules\koa-router\lib\router.js:336:14)
    at next (native)
    at Object.dispatch (E:\GitHub\diamont1001\wechat-jssdk-server\node_modules\koa-router\lib\router.js:336:14)
    at next (native)
    at Object.serve (E:\GitHub\diamont1001\wechat-jssdk-server\node_modules\koa-static\index.js:43:14)
    at next (native)
    at Object.etag (E:\GitHub\diamont1001\wechat-jssdk-server\node_modules\koa-etag\index.js:26:12)
    at next (native)
    at Object.conditional (E:\GitHub\diamont1001\wechat-jssdk-server\node_modules\koa-conditional-get\index.js:16:12)
    at next (native)
    at Object.compress (E:\GitHub\diamont1001\wechat-jssdk-server\node_modules\koa-compress\index.js:42:12)
    at next (native)
[2016-08-04 17:37:29.684] [TRACE] WxService - [checkCacheAccessToken] access_token expire: 4954
[2016-08-04 17:37:29.690] [TRACE] WxService - []
[2016-08-04 17:37:30.913] [TRACE] WxService - [checkCacheAccessToken] access_token expire: 4953
[2016-08-04 17:37:30.913] [TRACE] WxService - [checkCacheAccessToken] access_token expire: 4953
[2016-08-04 17:37:30.923] [TRACE] WxService - []
[2016-08-04 17:37:30.924] [TRACE] WxService - []
[2016-08-04 17:37:30.964] [TRACE] WxService - [checkCacheAccessToken] access_token expire: 4953
[2016-08-04 17:37:30.968] [TRACE] WxService - []
[2016-08-04 17:37:31.007] [TRACE] WxService - [checkCacheAccessToken] access_token expire: 4953
[2016-08-04 17:37:31.012] [TRACE] WxService - []
[2016-08-04 17:37:41.773] [INFO] console - config.log4js.level:TRACE
[2016-08-04 17:37:42.056] [INFO] redis - redis connect success
[2016-08-04 17:37:42.097] [TRACE] WxService - [checkCacheAccessToken] access_token expire: 4942
[2016-08-04 17:37:42.103] [TRACE] WxService - []
[2016-08-04 17:37:42.816] [INFO] console - config.log4js.level:TRACE
[2016-08-04 17:37:42.764] [INFO] console - config.log4js.level:TRACE
[2016-08-04 17:37:43.226] [INFO] console - Listening on 18340
[2016-08-04 17:37:43.227] [INFO] console - Listening on 18340
[2016-08-04 17:37:42.796] [INFO] console - config.log4js.level:TRACE
[2016-08-04 17:37:43.236] [INFO] redis - redis connect success
[2016-08-04 17:37:43.237] [INFO] redis - redis connect success
[2016-08-04 17:37:43.245] [INFO] console - Listening on 18340
[2016-08-04 17:37:43.255] [INFO] redis - redis connect success
[2016-08-04 17:37:43.277] [TRACE] WxService - [checkCacheAccessToken] access_token expire: 4940
[2016-08-04 17:37:43.278] [TRACE] WxService - [checkCacheAccessToken] access_token expire: 4940
[2016-08-04 17:37:43.289] [TRACE] WxService - []
[2016-08-04 17:37:43.300] [TRACE] WxService - [checkCacheAccessToken] access_token expire: 4940
[2016-08-04 17:37:42.837] [INFO] console - config.log4js.level:TRACE
[2016-08-04 17:37:43.312] [TRACE] WxService - []
[2016-08-04 17:37:43.303] [TRACE] WxService - []
[2016-08-04 17:37:43.316] [INFO] console - Listening on 18340
[2016-08-04 17:37:43.327] [INFO] redis - redis connect success
[2016-08-04 17:37:43.392] [TRACE] WxService - [checkCacheAccessToken] access_token expire: 4940
[2016-08-04 17:37:43.396] [TRACE] WxService - []
[2016-08-04 17:37:49.782] [INFO] ApiController - test order: 1
[2016-08-04 17:37:49.785] [INFO] console - undefined
[2016-08-04 17:38:42.036] [TRACE] WxService - [checkCacheAccessToken] access_token expire: 4882
[2016-08-04 17:38:42.044] [TRACE] WxService - []
[2016-08-04 17:38:43.203] [TRACE] WxService - [checkCacheAccessToken] access_token expire: 4880
[2016-08-04 17:38:43.207] [TRACE] WxService - []
[2016-08-04 17:38:43.219] [TRACE] WxService - [checkCacheAccessToken] access_token expire: 4880
[2016-08-04 17:38:43.219] [TRACE] WxService - []
[2016-08-04 17:38:43.256] [TRACE] WxService - [checkCacheAccessToken] access_token expire: 4880
[2016-08-04 17:38:43.260] [TRACE] WxService - []
[2016-08-04 17:38:43.308] [TRACE] WxService - [checkCacheAccessToken] access_token expire: 4880
[2016-08-04 17:38:43.308] [TRACE] WxService - []
[2016-08-04 17:38:46.834] [INFO] console - config.log4js.level:TRACE
[2016-08-04 17:38:47.085] [INFO] redis - redis connect success
[2016-08-04 17:38:47.135] [TRACE] WxService - [checkCacheAccessToken] access_token expire: 4876
[2016-08-04 17:38:47.154] [TRACE] WxService - []
[2016-08-04 17:38:48.014] [INFO] console - config.log4js.level:TRACE
[2016-08-04 17:38:48.036] [INFO] console - config.log4js.level:TRACE
[2016-08-04 17:38:48.450] [INFO] console - Listening on 18340
[2016-08-04 17:38:48.461] [INFO] console - Listening on 18340
[2016-08-04 17:38:48.530] [INFO] redis - redis connect success
[2016-08-04 17:38:48.530] [INFO] redis - redis connect success
[2016-08-04 17:38:48.591] [TRACE] WxService - [checkCacheAccessToken] access_token expire: 4875
[2016-08-04 17:38:48.591] [TRACE] WxService - [checkCacheAccessToken] access_token expire: 4875
[2016-08-04 17:38:48.599] [TRACE] WxService - []
[2016-08-04 17:38:48.597] [TRACE] WxService - []
[2016-08-04 17:38:48.120] [INFO] console - config.log4js.level:TRACE
[2016-08-04 17:38:48.161] [INFO] console - config.log4js.level:TRACE
[2016-08-04 17:38:48.634] [INFO] console - Listening on 18340
[2016-08-04 17:38:48.634] [INFO] console - Listening on 18340
[2016-08-04 17:38:48.659] [INFO] redis - redis connect success
[2016-08-04 17:38:48.660] [INFO] redis - redis connect success
[2016-08-04 17:38:48.718] [TRACE] WxService - [checkCacheAccessToken] access_token expire: 4875
[2016-08-04 17:38:48.719] [TRACE] WxService - [checkCacheAccessToken] access_token expire: 4875
[2016-08-04 17:38:48.728] [TRACE] WxService - []
[2016-08-04 17:38:48.726] [TRACE] WxService - []
[2016-08-04 17:38:49.526] [INFO] ApiController - test order: 1
[2016-08-04 17:38:49.530] [INFO] console - undefined
[2016-08-04 17:39:21.141] [INFO] console - config.log4js.level:TRACE
[2016-08-04 17:39:21.491] [INFO] redis - redis connect success
[2016-08-04 17:39:21.606] [TRACE] WxService - [checkCacheAccessToken] access_token expire: 4842
[2016-08-04 17:39:21.614] [TRACE] WxService - []
[2016-08-04 17:39:22.333] [INFO] console - config.log4js.level:TRACE
[2016-08-04 17:39:22.312] [INFO] console - config.log4js.level:TRACE
[2016-08-04 17:39:22.719] [INFO] console - Listening on 18340
[2016-08-04 17:39:22.729] [INFO] redis - redis connect success
[2016-08-04 17:39:22.723] [INFO] console - Listening on 18340
[2016-08-04 17:39:22.739] [INFO] redis - redis connect success
[2016-08-04 17:39:22.315] [INFO] console - config.log4js.level:TRACE
[2016-08-04 17:39:22.340] [INFO] console - config.log4js.level:TRACE
[2016-08-04 17:39:22.770] [INFO] console - Listening on 18340
[2016-08-04 17:39:22.771] [TRACE] WxService - [checkCacheAccessToken] access_token expire: 4841
[2016-08-04 17:39:22.774] [INFO] console - Listening on 18340
[2016-08-04 17:39:22.780] [INFO] redis - redis connect success
[2016-08-04 17:39:22.781] [TRACE] WxService - [checkCacheAccessToken] access_token expire: 4841
[2016-08-04 17:39:22.784] [TRACE] WxService - []
[2016-08-04 17:39:22.799] [TRACE] WxService - []
[2016-08-04 17:39:22.793] [INFO] redis - redis connect success
[2016-08-04 17:39:22.828] [TRACE] WxService - [checkCacheAccessToken] access_token expire: 4841
[2016-08-04 17:39:22.834] [TRACE] WxService - []
[2016-08-04 17:39:22.837] [TRACE] WxService - [checkCacheAccessToken] access_token expire: 4841
[2016-08-04 17:39:22.843] [TRACE] WxService - []
[2016-08-04 17:39:23.797] [INFO] ApiController - test order: 1
[2016-08-04 17:39:23.801] [INFO] console - [Function: ApiService]
[2016-08-04 17:41:24.445] [INFO] console - config.log4js.level:TRACE
[2016-08-04 17:41:24.732] [INFO] redis - redis connect success
[2016-08-04 17:41:24.842] [TRACE] WxService - [checkCacheAccessToken] access_token expire: 4719
[2016-08-04 17:41:24.850] [TRACE] WxService - []
[2016-08-04 17:41:25.547] [INFO] console - config.log4js.level:TRACE
[2016-08-04 17:41:26.017] [INFO] console - Listening on 18340
[2016-08-04 17:41:26.030] [INFO] redis - redis connect success
[2016-08-04 17:41:25.573] [INFO] console - config.log4js.level:TRACE
[2016-08-04 17:41:26.049] [INFO] console - Listening on 18340
[2016-08-04 17:41:26.065] [INFO] redis - redis connect success
[2016-08-04 17:41:26.074] [TRACE] WxService - [checkCacheAccessToken] access_token expire: 4718
[2016-08-04 17:41:26.083] [TRACE] WxService - []
[2016-08-04 17:41:25.635] [INFO] console - config.log4js.level:TRACE
[2016-08-04 17:41:26.095] [INFO] console - Listening on 18340
[2016-08-04 17:41:26.106] [INFO] redis - redis connect success
[2016-08-04 17:41:26.109] [TRACE] WxService - [checkCacheAccessToken] access_token expire: 4718
[2016-08-04 17:41:26.118] [TRACE] WxService - []
[2016-08-04 17:41:25.642] [INFO] console - config.log4js.level:TRACE
[2016-08-04 17:41:26.129] [INFO] console - Listening on 18340
[2016-08-04 17:41:26.137] [INFO] redis - redis connect success
[2016-08-04 17:41:26.148] [TRACE] WxService - [checkCacheAccessToken] access_token expire: 4717
[2016-08-04 17:41:26.148] [TRACE] WxService - []
[2016-08-04 17:41:26.184] [TRACE] WxService - [checkCacheAccessToken] access_token expire: 4717
[2016-08-04 17:41:26.189] [TRACE] WxService - []
[2016-08-04 17:42:02.721] [INFO] console - config.log4js.level:TRACE
[2016-08-04 17:42:02.976] [INFO] redis - redis connect success
[2016-08-04 17:42:03.020] [TRACE] WxService - [checkCacheAccessToken] access_token expire: 4681
[2016-08-04 17:42:03.026] [TRACE] WxService - []
[2016-08-04 17:42:03.782] [INFO] console - config.log4js.level:TRACE
[2016-08-04 17:42:04.191] [INFO] console - Listening on 18340
[2016-08-04 17:42:03.807] [INFO] console - config.log4js.level:TRACE
[2016-08-04 17:42:03.767] [INFO] console - config.log4js.level:TRACE
[2016-08-04 17:42:04.215] [INFO] redis - redis connect success
[2016-08-04 17:42:04.220] [INFO] console - Listening on 18340
[2016-08-04 17:42:04.227] [INFO] console - Listening on 18340
[2016-08-04 17:42:04.236] [INFO] redis - redis connect success
[2016-08-04 17:42:04.241] [INFO] redis - redis connect success
[2016-08-04 17:42:04.273] [TRACE] WxService - [checkCacheAccessToken] access_token expire: 4679
[2016-08-04 17:42:04.280] [TRACE] WxService - []
[2016-08-04 17:42:03.848] [INFO] console - config.log4js.level:TRACE
[2016-08-04 17:42:04.295] [INFO] console - Listening on 18340
[2016-08-04 17:42:04.295] [TRACE] WxService - [checkCacheAccessToken] access_token expire: 4679
[2016-08-04 17:42:04.295] [TRACE] WxService - [checkCacheAccessToken] access_token expire: 4679
[2016-08-04 17:42:04.306] [INFO] redis - redis connect success
[2016-08-04 17:42:04.306] [TRACE] WxService - []
[2016-08-04 17:42:04.305] [TRACE] WxService - []
[2016-08-04 17:42:04.347] [TRACE] WxService - [checkCacheAccessToken] access_token expire: 4679
[2016-08-04 17:42:04.350] [TRACE] WxService - []
[2016-08-04 17:42:06.406] [DEBUG] WxApi - TOKEN:chenjr
[2016-08-04 17:42:06.411] [DEBUG] WxApi - signature:undefined
[2016-08-04 17:42:06.414] [DEBUG] WxApi - timestamp:undefined
[2016-08-04 17:42:06.418] [DEBUG] WxApi - nonce:undefined
[2016-08-04 17:42:06.424] [DEBUG] WxApi - shaResult:f21b0273320f5194117e3bc372a875abeb8c24ff
[2016-08-04 17:42:06.429] [WARN] WxController - not weixin server!
[2016-08-04 17:42:24.782] [INFO] console - config.log4js.level:TRACE
[2016-08-04 17:42:25.027] [INFO] redis - redis connect success
[2016-08-04 17:42:25.077] [TRACE] WxService - [checkCacheAccessToken] access_token expire: 4659
[2016-08-04 17:42:25.084] [TRACE] WxService - []
[2016-08-04 17:42:25.919] [INFO] console - config.log4js.level:TRACE
[2016-08-04 17:42:26.327] [INFO] console - Listening on 18340
[2016-08-04 17:42:25.907] [INFO] console - config.log4js.level:TRACE
[2016-08-04 17:42:26.340] [INFO] redis - redis connect success
[2016-08-04 17:42:26.344] [INFO] console - Listening on 18340
[2016-08-04 17:42:26.354] [INFO] redis - redis connect success
[2016-08-04 17:42:25.964] [INFO] console - config.log4js.level:TRACE
[2016-08-04 17:42:26.368] [INFO] console - Listening on 18340
[2016-08-04 17:42:26.377] [INFO] redis - redis connect success
[2016-08-04 17:42:26.385] [TRACE] WxService - [checkCacheAccessToken] access_token expire: 4657
[2016-08-04 17:42:26.396] [TRACE] WxService - [checkCacheAccessToken] access_token expire: 4657
[2016-08-04 17:42:26.400] [TRACE] WxService - []
[2016-08-04 17:42:26.404] [TRACE] WxService - []
[2016-08-04 17:42:26.422] [TRACE] WxService - [checkCacheAccessToken] access_token expire: 4657
[2016-08-04 17:42:26.430] [TRACE] WxService - []
[2016-08-04 17:42:26.071] [INFO] console - config.log4js.level:TRACE
[2016-08-04 17:42:26.469] [INFO] console - Listening on 18340
[2016-08-04 17:42:26.479] [INFO] redis - redis connect success
[2016-08-04 17:42:26.518] [TRACE] WxService - [checkCacheAccessToken] access_token expire: 4657
[2016-08-04 17:42:26.522] [TRACE] WxService - []
[2016-08-04 17:42:27.705] [DEBUG] WxApi - TOKEN:chenjr
[2016-08-04 17:42:27.710] [DEBUG] WxApi - signature:undefined
[2016-08-04 17:42:27.715] [DEBUG] WxApi - timestamp:undefined
[2016-08-04 17:42:27.724] [DEBUG] WxApi - nonce:undefined
[2016-08-04 17:42:27.728] [DEBUG] WxApi - shaResult:f21b0273320f5194117e3bc372a875abeb8c24ff
[2016-08-04 17:42:27.734] [WARN] WxController - not weixin server!
[2016-08-04 17:42:32.039] [WARN] WxService - Parameter Error
[2016-08-04 17:42:32.044] [TRACE] WxController - outputStr: {"state":{"code":4000000,"msg":"Parameter Error"},"data":""}
[2016-08-04 17:43:25.004] [TRACE] WxService - [checkCacheAccessToken] access_token expire: 4599
[2016-08-04 17:43:25.014] [TRACE] WxService - []
[2016-08-04 17:43:26.333] [TRACE] WxService - [checkCacheAccessToken] access_token expire: 4597
[2016-08-04 17:43:26.341] [TRACE] WxService - []
[2016-08-04 17:43:26.341] [TRACE] WxService - [checkCacheAccessToken] access_token expire: 4597
[2016-08-04 17:43:26.359] [TRACE] WxService - []
[2016-08-04 17:43:26.388] [TRACE] WxService - [checkCacheAccessToken] access_token expire: 4597
[2016-08-04 17:43:26.388] [TRACE] WxService - []
[2016-08-04 17:43:26.471] [TRACE] WxService - [checkCacheAccessToken] access_token expire: 4597
[2016-08-04 17:43:26.501] [TRACE] WxService - []
[2016-08-04 17:44:25.003] [TRACE] WxService - [checkCacheAccessToken] access_token expire: 4539
[2016-08-04 17:44:25.008] [TRACE] WxService - []
[2016-08-04 17:44:26.315] [TRACE] WxService - [checkCacheAccessToken] access_token expire: 4537
[2016-08-04 17:44:26.333] [TRACE] WxService - []
[2016-08-04 17:44:26.354] [TRACE] WxService - [checkCacheAccessToken] access_token expire: 4537
[2016-08-04 17:44:26.359] [TRACE] WxService - []
[2016-08-04 17:44:26.364] [TRACE] WxService - [checkCacheAccessToken] access_token expire: 4537
[2016-08-04 17:44:26.369] [TRACE] WxService - []
[2016-08-04 17:44:26.482] [TRACE] WxService - [checkCacheAccessToken] access_token expire: 4537
[2016-08-04 17:44:26.482] [TRACE] WxService - []
[2016-08-04 17:45:25.005] [TRACE] WxService - [checkCacheAccessToken] access_token expire: 4479
[2016-08-04 17:45:25.016] [TRACE] WxService - []
[2016-08-04 17:45:26.336] [TRACE] WxService - [checkCacheAccessToken] access_token expire: 4477
[2016-08-04 17:45:26.344] [TRACE] WxService - []
[2016-08-04 17:45:26.353] [TRACE] WxService - [checkCacheAccessToken] access_token expire: 4477
[2016-08-04 17:45:26.361] [TRACE] WxService - []
[2016-08-04 17:45:26.376] [TRACE] WxService - [checkCacheAccessToken] access_token expire: 4477
[2016-08-04 17:45:26.383] [TRACE] WxService - []
[2016-08-04 17:45:26.494] [TRACE] WxService - [checkCacheAccessToken] access_token expire: 4477
[2016-08-04 17:45:26.507] [TRACE] WxService - []
[2016-08-04 17:46:25.015] [TRACE] WxService - [checkCacheAccessToken] access_token expire: 4419
[2016-08-04 17:46:25.033] [TRACE] WxService - []
[2016-08-04 17:46:26.355] [TRACE] WxService - [checkCacheAccessToken] access_token expire: 4417
[2016-08-04 17:46:26.369] [TRACE] WxService - []
[2016-08-04 17:46:26.372] [TRACE] WxService - [checkCacheAccessToken] access_token expire: 4417
[2016-08-04 17:46:26.397] [TRACE] WxService - [checkCacheAccessToken] access_token expire: 4417
[2016-08-04 17:46:26.403] [TRACE] WxService - []
[2016-08-04 17:46:26.418] [TRACE] WxService - []
[2016-08-04 17:46:26.496] [TRACE] WxService - [checkCacheAccessToken] access_token expire: 4417
[2016-08-04 17:46:26.507] [TRACE] WxService - []
[2016-08-04 17:51:28.602] [INFO] console - config.log4js.level:TRACE
[2016-08-04 17:51:28.851] [INFO] redis - redis connect success
[2016-08-04 17:51:28.897] [TRACE] WxService - [checkCacheAccessToken] access_token expire: 4115
[2016-08-04 17:51:28.902] [TRACE] WxService - []
[2016-08-04 17:51:29.666] [INFO] console - config.log4js.level:TRACE
[2016-08-04 17:51:30.090] [INFO] console - Listening on 18340
[2016-08-04 17:51:29.652] [INFO] console - config.log4js.level:TRACE
[2016-08-04 17:51:30.101] [INFO] redis - redis connect success
[2016-08-04 17:51:30.111] [INFO] console - Listening on 18340
[2016-08-04 17:51:30.120] [INFO] redis - redis connect success
[2016-08-04 17:51:30.146] [TRACE] WxService - [checkCacheAccessToken] access_token expire: 4113
[2016-08-04 17:51:29.743] [INFO] console - config.log4js.level:TRACE
[2016-08-04 17:51:30.157] [TRACE] WxService - [checkCacheAccessToken] access_token expire: 4113
[2016-08-04 17:51:30.155] [TRACE] WxService - []
[2016-08-04 17:51:30.166] [TRACE] WxService - []
[2016-08-04 17:51:29.693] [INFO] console - config.log4js.level:TRACE
[2016-08-04 17:51:30.159] [INFO] console - Listening on 18340
[2016-08-04 17:51:30.174] [INFO] redis - redis connect success
[2016-08-04 17:51:30.175] [INFO] console - Listening on 18340
[2016-08-04 17:51:30.185] [INFO] redis - redis connect success
[2016-08-04 17:51:30.216] [TRACE] WxService - [checkCacheAccessToken] access_token expire: 4113
[2016-08-04 17:51:30.220] [TRACE] WxService - []
[2016-08-04 17:51:30.223] [TRACE] WxService - [checkCacheAccessToken] access_token expire: 4113
[2016-08-04 17:51:30.227] [TRACE] WxService - []
[2016-08-04 17:51:51.518] [TRACE] WxService - [auth2] start. dest: , code: undefined, state: undefined
[2016-08-04 17:51:51.746] [WARN] WxService - [auth2] getAuthAccessToken failed.
[2016-08-04 17:51:51.752] [WARN] WxService - { errcode: 40029,
  errmsg: 'invalid code, hints: [ req_id: UcI180399ns49 ]' }
[2016-08-04 17:51:51.792] [TRACE] WxService - [auth2] start. dest: , code: undefined, state: undefined
[2016-08-04 17:51:51.994] [WARN] WxService - [auth2] getAuthAccessToken failed.
[2016-08-04 17:51:52.001] [WARN] WxService - { errcode: 40029,
  errmsg: 'invalid code, hints: [ req_id: 5czBga0399ns84 ]' }
[2016-08-04 17:51:52.083] [TRACE] WxService - [auth2] start. dest: , code: undefined, state: undefined
[2016-08-04 17:51:52.205] [WARN] WxService - [auth2] getAuthAccessToken failed.
[2016-08-04 17:51:52.208] [WARN] WxService - { errcode: 40029,
  errmsg: 'invalid code, hints: [ req_id: 0M7DkA0400ns53 ]' }
[2016-08-04 17:51:52.218] [TRACE] WxService - [auth2] start. dest: , code: undefined, state: undefined
[2016-08-04 17:51:52.354] [WARN] WxService - [auth2] getAuthAccessToken failed.
[2016-08-04 17:51:52.357] [WARN] WxService - { errcode: 40029,
  errmsg: 'invalid code, hints: [ req_id: EYTdTA0400ns89 ]' }
[2016-08-04 17:51:52.368] [TRACE] WxService - [auth2] start. dest: , code: undefined, state: undefined
[2016-08-04 17:51:52.500] [WARN] WxService - [auth2] getAuthAccessToken failed.
[2016-08-04 17:51:52.503] [WARN] WxService - { errcode: 40029,
  errmsg: 'invalid code, hints: [ req_id: Ju_gWa0400ns47 ]' }
[2016-08-04 17:51:52.514] [TRACE] WxService - [auth2] start. dest: , code: undefined, state: undefined
[2016-08-04 17:51:52.659] [WARN] WxService - [auth2] getAuthAccessToken failed.
[2016-08-04 17:51:52.664] [WARN] WxService - { errcode: 40029,
  errmsg: 'invalid code, hints: [ req_id: ObU_fA0400ns28 ]' }
[2016-08-04 17:51:52.679] [TRACE] WxService - [auth2] start. dest: , code: undefined, state: undefined
[2016-08-04 17:51:52.846] [WARN] WxService - [auth2] getAuthAccessToken failed.
[2016-08-04 17:51:52.849] [WARN] WxService - { errcode: 40029,
  errmsg: 'invalid code, hints: [ req_id: ky0400ns82 ]' }
[2016-08-04 17:51:52.859] [TRACE] WxService - [auth2] start. dest: , code: undefined, state: undefined
[2016-08-04 17:51:53.003] [WARN] WxService - [auth2] getAuthAccessToken failed.
[2016-08-04 17:51:53.006] [WARN] WxService - { errcode: 40029,
  errmsg: 'invalid code, hints: [ req_id: e3_kTa0400ns49 ]' }
[2016-08-04 17:51:53.018] [TRACE] WxService - [auth2] start. dest: , code: undefined, state: undefined
[2016-08-04 17:51:53.153] [WARN] WxService - [auth2] getAuthAccessToken failed.
[2016-08-04 17:51:53.156] [WARN] WxService - { errcode: 40029,
  errmsg: 'invalid code, hints: [ req_id: x2idra0400ns48 ]' }
[2016-08-04 17:51:53.254] [TRACE] WxService - [auth2] start. dest: , code: undefined, state: undefined
[2016-08-04 17:51:53.479] [WARN] WxService - [auth2] getAuthAccessToken failed.
[2016-08-04 17:51:53.485] [WARN] WxService - { errcode: 40029,
  errmsg: 'invalid code, hints: [ req_id: dEkFaA0401ns82 ]' }
[2016-08-04 17:51:53.496] [TRACE] WxService - [auth2] start. dest: , code: undefined, state: undefined
[2016-08-04 17:51:53.617] [WARN] WxService - [auth2] getAuthAccessToken failed.
[2016-08-04 17:51:53.621] [WARN] WxService - { errcode: 40029,
  errmsg: 'invalid code, hints: [ req_id: 0401ns70 ]' }
[2016-08-04 17:51:53.631] [TRACE] WxService - [auth2] start. dest: , code: undefined, state: undefined
[2016-08-04 17:51:53.758] [WARN] WxService - [auth2] getAuthAccessToken failed.
[2016-08-04 17:51:53.762] [WARN] WxService - { errcode: 40029,
  errmsg: 'invalid code, hints: [ req_id: EAKRga0401ns44 ]' }
[2016-08-04 17:51:53.772] [TRACE] WxService - [auth2] start. dest: , code: undefined, state: undefined
[2016-08-04 17:51:53.906] [WARN] WxService - [auth2] getAuthAccessToken failed.
[2016-08-04 17:51:53.910] [WARN] WxService - { errcode: 40029,
  errmsg: 'invalid code, hints: [ req_id: BQv98a0401ns85 ]' }
[2016-08-04 17:51:53.921] [TRACE] WxService - [auth2] start. dest: , code: undefined, state: undefined
[2016-08-04 17:51:54.054] [WARN] WxService - [auth2] getAuthAccessToken failed.
[2016-08-04 17:51:54.058] [WARN] WxService - { errcode: 40029,
  errmsg: 'invalid code, hints: [ req_id: wydoUA0401ns87 ]' }
[2016-08-04 17:51:54.067] [TRACE] WxService - [auth2] start. dest: , code: undefined, state: undefined
[2016-08-04 17:51:54.220] [WARN] WxService - [auth2] getAuthAccessToken failed.
[2016-08-04 17:51:54.228] [WARN] WxService - { errcode: 40029,
  errmsg: 'invalid code, hints: [ req_id: O9JHSa0401ns80 ]' }
[2016-08-04 17:51:54.251] [TRACE] WxService - [auth2] start. dest: , code: undefined, state: undefined
[2016-08-04 17:51:54.463] [WARN] WxService - [auth2] getAuthAccessToken failed.
[2016-08-04 17:51:54.467] [WARN] WxService - { errcode: 40029,
  errmsg: 'invalid code, hints: [ req_id: YhPBUA0402ns82 ]' }
[2016-08-04 17:51:54.478] [TRACE] WxService - [auth2] start. dest: , code: undefined, state: undefined
[2016-08-04 17:51:54.614] [WARN] WxService - [auth2] getAuthAccessToken failed.
[2016-08-04 17:51:54.618] [WARN] WxService - { errcode: 40029,
  errmsg: 'invalid code, hints: [ req_id: pxGuuA0402ns84 ]' }
[2016-08-04 17:51:54.629] [TRACE] WxService - [auth2] start. dest: , code: undefined, state: undefined
[2016-08-04 17:51:54.744] [WARN] WxService - [auth2] getAuthAccessToken failed.
[2016-08-04 17:51:54.748] [WARN] WxService - { errcode: 40029,
  errmsg: 'invalid code, hints: [ req_id: XCRRpA0402ns87 ]' }
[2016-08-04 17:51:54.759] [TRACE] WxService - [auth2] start. dest: , code: undefined, state: undefined
[2016-08-04 17:51:54.894] [WARN] WxService - [auth2] getAuthAccessToken failed.
[2016-08-04 17:51:54.900] [WARN] WxService - { errcode: 40029,
  errmsg: 'invalid code, hints: [ req_id: gDuH.a0402ns81 ]' }
[2016-08-04 17:51:54.910] [TRACE] WxService - [auth2] start. dest: , code: undefined, state: undefined
[2016-08-04 17:51:55.028] [WARN] WxService - [auth2] getAuthAccessToken failed.
[2016-08-04 17:51:55.032] [WARN] WxService - { errcode: 40029,
  errmsg: 'invalid code, hints: [ req_id: pkS9ra0402ns45 ]' }
[2016-08-04 17:51:55.042] [TRACE] WxService - [auth2] start. dest: , code: undefined, state: undefined
[2016-08-04 17:51:55.175] [WARN] WxService - [auth2] getAuthAccessToken failed.
[2016-08-04 17:51:55.179] [WARN] WxService - { errcode: 40029,
  errmsg: 'invalid code, hints: [ req_id: qN6CRa0402ns44 ]' }
[2016-08-04 17:52:28.822] [TRACE] WxService - [checkCacheAccessToken] access_token expire: 4055
[2016-08-04 17:52:28.836] [TRACE] WxService - []
[2016-08-04 17:52:30.100] [TRACE] WxService - [checkCacheAccessToken] access_token expire: 4054
[2016-08-04 17:52:30.111] [TRACE] WxService - []
[2016-08-04 17:52:30.114] [TRACE] WxService - [checkCacheAccessToken] access_token expire: 4054
[2016-08-04 17:52:30.123] [TRACE] WxService - []
[2016-08-04 17:52:30.156] [TRACE] WxService - [checkCacheAccessToken] access_token expire: 4053
[2016-08-04 17:52:30.156] [TRACE] WxService - []
[2016-08-04 17:52:30.186] [TRACE] WxService - [checkCacheAccessToken] access_token expire: 4053
[2016-08-04 17:52:30.193] [TRACE] WxService - []
[2016-08-04 17:52:42.918] [INFO] console - config.log4js.level:TRACE
[2016-08-04 17:52:43.158] [INFO] redis - redis connect success
[2016-08-04 17:52:43.209] [TRACE] WxService - [checkCacheAccessToken] access_token expire: 4040
[2016-08-04 17:52:43.214] [TRACE] WxService - []
[2016-08-04 17:52:44.063] [INFO] console - config.log4js.level:TRACE
[2016-08-04 17:52:44.445] [INFO] console - Listening on 18340
[2016-08-04 17:52:44.471] [INFO] redis - redis connect success
[2016-08-04 17:52:44.105] [INFO] console - config.log4js.level:TRACE
[2016-08-04 17:52:44.111] [INFO] console - config.log4js.level:TRACE
[2016-08-04 17:52:44.486] [INFO] console - Listening on 18340
[2016-08-04 17:52:44.502] [INFO] redis - redis connect success
[2016-08-04 17:52:44.502] [INFO] console - Listening on 18340
[2016-08-04 17:52:44.126] [INFO] console - config.log4js.level:TRACE
[2016-08-04 17:52:44.514] [TRACE] WxService - [checkCacheAccessToken] access_token expire: 4039
[2016-08-04 17:52:44.517] [INFO] redis - redis connect success
[2016-08-04 17:52:44.521] [TRACE] WxService - []
[2016-08-04 17:52:44.520] [INFO] console - Listening on 18340
[2016-08-04 17:52:44.534] [INFO] redis - redis connect success
[2016-08-04 17:52:44.541] [TRACE] WxService - [checkCacheAccessToken] access_token expire: 4039
[2016-08-04 17:52:44.546] [TRACE] WxService - []
[2016-08-04 17:52:44.563] [TRACE] WxService - [checkCacheAccessToken] access_token expire: 4039
[2016-08-04 17:52:44.568] [TRACE] WxService - []
[2016-08-04 17:52:44.573] [TRACE] WxService - [checkCacheAccessToken] access_token expire: 4039
[2016-08-04 17:52:44.575] [TRACE] WxService - []
[2016-08-04 17:52:46.272] [TRACE] WxService - [auth2] start. dest: , code: undefined, state: undefined
[2016-08-04 17:52:46.278] [INFO] console - /wx/auth2?userinfo=%7B%22error%22%3A%20%22get%20wx%20access_token%20fail%22%2C%20%22errcode%22%3A%20invalid%20code%2C%20hints%3A%20%5B%20req_id%3A%20qN6CRa0402ns44%20%5D%7D-TypeError: You may only yield a function, promise, generator, array, or object, but the following object was passed: "undefined"
    at next (E:\GitHub\diamont1001\wechat-jssdk-server\node_modules\co\index.js:101:25)
    at onFulfilled (E:\GitHub\diamont1001\wechat-jssdk-server\node_modules\co\index.js:69:7)
[2016-08-04 17:53:27.729] [INFO] console - config.log4js.level:TRACE
[2016-08-04 17:53:27.999] [INFO] redis - redis connect success
[2016-08-04 17:53:28.051] [TRACE] WxService - [checkCacheAccessToken] access_token expire: 3996
[2016-08-04 17:53:28.053] [TRACE] WxService - []
[2016-08-04 17:53:28.845] [INFO] console - config.log4js.level:TRACE
[2016-08-04 17:53:28.865] [INFO] console - config.log4js.level:TRACE
[2016-08-04 17:53:29.230] [INFO] console - Listening on 18340
[2016-08-04 17:53:29.230] [INFO] console - Listening on 18340
[2016-08-04 17:53:29.241] [INFO] redis - redis connect success
[2016-08-04 17:53:29.241] [INFO] redis - redis connect success
[2016-08-04 17:53:28.905] [INFO] console - config.log4js.level:TRACE
[2016-08-04 17:53:28.886] [INFO] console - config.log4js.level:TRACE
[2016-08-04 17:53:29.265] [INFO] console - Listening on 18340
[2016-08-04 17:53:29.269] [INFO] console - Listening on 18340
[2016-08-04 17:53:29.276] [INFO] redis - redis connect success
[2016-08-04 17:53:29.279] [INFO] redis - redis connect success
[2016-08-04 17:53:29.287] [TRACE] WxService - [checkCacheAccessToken] access_token expire: 3994
[2016-08-04 17:53:29.287] [TRACE] WxService - [checkCacheAccessToken] access_token expire: 3994
[2016-08-04 17:53:29.308] [TRACE] WxService - []
[2016-08-04 17:53:29.310] [TRACE] WxService - []
[2016-08-04 17:53:29.314] [TRACE] WxService - [checkCacheAccessToken] access_token expire: 3994
[2016-08-04 17:53:29.322] [TRACE] WxService - []
[2016-08-04 17:53:29.341] [TRACE] WxService - [checkCacheAccessToken] access_token expire: 3994
[2016-08-04 17:53:29.345] [TRACE] WxService - []
[2016-08-04 17:53:30.221] [TRACE] WxService - [auth2] start. dest: , code: undefined, state: undefined
